2025-01-02 14:01:36 [INFO] ========== INICIANDO RASTREO ==========
2025-01-02 14:01:43 [INFO] [HTTP] https://frutascandil.com => [200] (sin redirecciones), 294755 bytes
2025-01-02 14:01:43 [INFO] Se encontraron 82 enlaces en https://frutascandil.com
2025-01-02 14:01:49 [INFO] [HTTP] https://frutascandil.com/nuestra-empresa => [404] (sin redirecciones), 140660 bytes
2025-01-02 14:01:49 [INFO] Se encontraron 29 enlaces en https://frutascandil.com/nuestra-empresa
2025-01-02 14:01:54 [INFO] [HTTP] [301]https://frutascandil.com/productos -> [200]https://frutascandil.com/productos/, 185522 bytes
2025-01-02 14:01:54 [INFO] Se encontraron 87 enlaces en https://frutascandil.com/productos
2025-01-02 14:01:54 [INFO] [HTTP] [301]https://frutascandil.com/contacto -> [200]https://frutascandil.com/contacto/, 159518 bytes
2025-01-02 14:01:54 [INFO] Se encontraron 34 enlaces en https://frutascandil.com/contacto
2025-01-02 14:01:55 [INFO] [HTTP] [301]https://frutascandil.com/blog -> [200]https://frutascandil.com/blog/, 174839 bytes
2025-01-02 14:01:55 [INFO] Se encontraron 86 enlaces en https://frutascandil.com/blog
2025-01-02 14:01:55 [INFO] [HTTP] [301]https://frutascandil.com/beneficios-de-la-fruta-para-la-salud -> [200]https://frutascandil.com/beneficios-de-la-fruta-para-la-salud/, 158773 bytes
2025-01-02 14:01:55 [INFO] Se encontraron 36 enlaces en https://frutascandil.com/beneficios-de-la-fruta-para-la-salud
2025-01-02 14:01:56 [INFO] [HTTP] [301]https://frutascandil.com/dia-mundial-del-donante-de-sangre -> [200]https://frutascandil.com/dia-mundial-del-donante-de-sangre/, 154045 bytes
2025-01-02 14:01:56 [INFO] Se encontraron 36 enlaces en https://frutascandil.com/dia-mundial-del-donante-de-sangre
2025-01-02 14:01:56 [INFO] [HTTP] [301]https://frutascandil.com/dia-mundial-de-la-gastronomia-sostenible -> [200]https://frutascandil.com/dia-mundial-de-la-gastronomia-sostenible/, 153302 bytes
2025-01-02 14:01:56 [INFO] Se encontraron 35 enlaces en https://frutascandil.com/dia-mundial-de-la-gastronomia-sostenible
2025-01-02 14:01:57 [INFO] [HTTP] [301]https://frutascandil.com/entrevista-frutas-candil -> [200]https://frutascandil.com/entrevista-frutas-candil/, 153890 bytes
2025-01-02 14:01:57 [INFO] Se encontraron 37 enlaces en https://frutascandil.com/entrevista-frutas-candil
2025-01-02 14:01:57 [INFO] [HTTP] [301]https://frutascandil.com/galletas-navidenas%EF%BF%BC -> [200]https://frutascandil.com/galletas-navidenas%EF%BF%BC/, 154292 bytes
2025-01-02 14:01:58 [INFO] Se encontraron 36 enlaces en https://frutascandil.com/galletas-navidenas%ef%bf%bc
2025-01-02 14:01:59 [INFO] [HTTP] [301]https://frutascandil.com/como-escoger-la-fruta-por-el-aspecto -> [200]https://frutascandil.com/como-escoger-la-fruta-por-el-aspecto/, 154702 bytes
2025-01-02 14:01:59 [INFO] Se encontraron 36 enlaces en https://frutascandil.com/como-escoger-la-fruta-por-el-aspecto
2025-01-02 14:01:59 [INFO] [HTTP] [301]https://frutascandil.com/politica-de-cookies -> [200]https://frutascandil.com/politica-de-cookies/, 165345 bytes
2025-01-02 14:01:59 [INFO] Se encontraron 33 enlaces en https://frutascandil.com/politica-de-cookies
2025-01-02 14:02:00 [INFO] [HTTP] [301]https://frutascandil.com/sobre-nosotros -> [200]https://frutascandil.com/sobre-nosotros/, 158817 bytes
2025-01-02 14:02:00 [INFO] Se encontraron 41 enlaces en https://frutascandil.com/sobre-nosotros
2025-01-02 14:02:00 [INFO] [HTTP] [301]https://frutascandil.com/politica-de-privacidad -> [200]https://frutascandil.com/politica-de-privacidad/, 156107 bytes
2025-01-02 14:02:00 [INFO] Se encontraron 37 enlaces en https://frutascandil.com/politica-de-privacidad
2025-01-02 14:02:06 [INFO] [HTTP] [301]https://frutascandil.com/productos/freson -> [200]https://frutascandil.com/productos/freson/, 146693 bytes
2025-01-02 14:02:06 [INFO] Se encontraron 30 enlaces en https://frutascandil.com/productos/freson
2025-01-02 14:02:06 [INFO] [HTTP] [301]https://frutascandil.com/productos/lechuga-2 -> [200]https://frutascandil.com/productos/lechuga-2/, 146820 bytes
2025-01-02 14:02:06 [INFO] Se encontraron 30 enlaces en https://frutascandil.com/productos/lechuga-2
2025-01-02 14:02:06 [INFO] [HTTP] [301]https://frutascandil.com/productos/calabacin-2 -> [200]https://frutascandil.com/productos/calabacin-2/, 146784 bytes
2025-01-02 14:02:06 [INFO] Se encontraron 30 enlaces en https://frutascandil.com/productos/calabacin-2
2025-01-02 14:02:08 [INFO] [HTTP] [301]https://frutascandil.com/productos/arandanos -> [200]https://frutascandil.com/productos/arandanos/, 146729 bytes
2025-01-02 14:02:08 [INFO] Se encontraron 30 enlaces en https://frutascandil.com/productos/arandanos
2025-01-02 14:02:08 [INFO] [HTTP] [301]https://frutascandil.com/productos/chirimoya -> [200]https://frutascandil.com/productos/chirimoya/, 146753 bytes
2025-01-02 14:02:08 [INFO] Se encontraron 30 enlaces en https://frutascandil.com/productos/chirimoya
2025-01-02 14:02:08 [INFO] [HTTP] [301]https://frutascandil.com/productos/kiwi -> [200]https://frutascandil.com/productos/kiwi/, 146604 bytes
2025-01-02 14:02:08 [INFO] Se encontraron 30 enlaces en https://frutascandil.com/productos/kiwi
2025-01-02 14:02:08 [INFO] [HTTP] [301]https://frutascandil.com/productos/granada-2 -> [200]https://frutascandil.com/productos/granada-2/, 146809 bytes
2025-01-02 14:02:08 [INFO] Se encontraron 30 enlaces en https://frutascandil.com/productos/granada-2
2025-01-02 14:02:11 [INFO] [HTTP] [301]https://frutascandil.com/productos/limon -> [200]https://frutascandil.com/productos/limon/, 146668 bytes
2025-01-02 14:02:11 [INFO] Se encontraron 30 enlaces en https://frutascandil.com/productos/limon
2025-01-02 14:02:14 [INFO] [HTTP] [301]https://frutascandil.com/productos/mandarina-2 -> [200]https://frutascandil.com/productos/mandarina-2/, 146867 bytes
2025-01-02 14:02:14 [INFO] Se encontraron 30 enlaces en https://frutascandil.com/productos/mandarina-2
2025-01-02 14:02:15 [INFO] [HTTP] [301]https://frutascandil.com/productos/lima -> [200]https://frutascandil.com/productos/lima/, 146611 bytes
2025-01-02 14:02:15 [INFO] Se encontraron 30 enlaces en https://frutascandil.com/productos/lima
2025-01-02 14:02:15 [INFO] [HTTP] [301]https://frutascandil.com/productos/pera -> [200]https://frutascandil.com/productos/pera/, 146635 bytes
2025-01-02 14:02:15 [INFO] Se encontraron 30 enlaces en https://frutascandil.com/productos/pera
2025-01-02 14:02:15 [INFO] [HTTP] [301]https://frutascandil.com/productos/manzana-2 -> [200]https://frutascandil.com/productos/manzana-2/, 146857 bytes
2025-01-02 14:02:15 [INFO] Se encontraron 30 enlaces en https://frutascandil.com/productos/manzana-2
2025-01-02 14:02:16 [INFO] [HTTP] [301]https://frutascandil.com/productos/melon -> [200]https://frutascandil.com/productos/melon/, 146609 bytes
2025-01-02 14:02:16 [INFO] Se encontraron 30 enlaces en https://frutascandil.com/productos/melon
2025-01-02 14:02:17 [INFO] [HTTP] [301]https://frutascandil.com/productos/mora -> [200]https://frutascandil.com/productos/mora/, 146604 bytes
2025-01-02 14:02:17 [INFO] Se encontraron 30 enlaces en https://frutascandil.com/productos/mora
2025-01-02 14:02:18 [INFO] [HTTP] [301]https://frutascandil.com/productos/melocoton -> [200]https://frutascandil.com/productos/melocoton/, 146735 bytes
2025-01-02 14:02:18 [INFO] Se encontraron 30 enlaces en https://frutascandil.com/productos/melocoton
2025-01-02 14:02:19 [INFO] [HTTP] [301]https://frutascandil.com/productos/pimiento-rojo-italiano -> [200]https://frutascandil.com/productos/pimiento-rojo-italiano/, 147083 bytes
2025-01-02 14:02:19 [INFO] Se encontraron 30 enlaces en https://frutascandil.com/productos/pimiento-rojo-italiano
2025-01-02 14:02:20 [INFO] [HTTP] [301]https://frutascandil.com/productos/pimiento-rojo -> [200]https://frutascandil.com/productos/pimiento-rojo/, 146833 bytes
2025-01-02 14:02:20 [INFO] Se encontraron 30 enlaces en https://frutascandil.com/productos/pimiento-rojo
2025-01-02 14:02:21 [INFO] [HTTP] [301]https://frutascandil.com/productos/naranja -> [200]https://frutascandil.com/productos/naranja/, 146797 bytes
2025-01-02 14:02:21 [INFO] Se encontraron 30 enlaces en https://frutascandil.com/productos/naranja
2025-01-02 14:02:22 [INFO] [HTTP] [301]https://frutascandil.com/productos/pimiento-verde-italiano-2 -> [200]https://frutascandil.com/productos/pimiento-verde-italiano-2/, 147117 bytes
2025-01-02 14:02:22 [INFO] Se encontraron 30 enlaces en https://frutascandil.com/productos/pimiento-verde-italiano-2
2025-01-02 14:02:22 [INFO] [HTTP] [301]https://frutascandil.com/productos/pina -> [200]https://frutascandil.com/productos/pina/, 146510 bytes
2025-01-02 14:02:22 [INFO] Se encontraron 30 enlaces en https://frutascandil.com/productos/pina
2025-01-02 14:02:24 [INFO] [HTTP] [301]https://frutascandil.com/productos/tomate-de-rama -> [200]https://frutascandil.com/productos/tomate-de-rama/, 146879 bytes
2025-01-02 14:02:24 [INFO] Se encontraron 30 enlaces en https://frutascandil.com/productos/tomate-de-rama
2025-01-02 14:02:24 [INFO] [HTTP] [301]https://frutascandil.com/productos/sandia -> [200]https://frutascandil.com/productos/sandia/, 146699 bytes
2025-01-02 14:02:25 [INFO] Se encontraron 30 enlaces en https://frutascandil.com/productos/sandia
2025-01-02 14:02:25 [INFO] [HTTP] [301]https://frutascandil.com/productos/tomate -> [200]https://frutascandil.com/productos/tomate/, 146775 bytes
2025-01-02 14:02:25 [INFO] Se encontraron 30 enlaces en https://frutascandil.com/productos/tomate
2025-01-02 14:02:26 [INFO] [HTTP] [301]https://frutascandil.com/productos/berenjena -> [200]https://frutascandil.com/productos/berenjena/, 146729 bytes
2025-01-02 14:02:27 [INFO] Se encontraron 30 enlaces en https://frutascandil.com/productos/berenjena
2025-01-02 14:02:28 [INFO] [HTTP] [301]https://frutascandil.com/productos/tomate-marmanda -> [200]https://frutascandil.com/productos/tomate-marmanda/, 146770 bytes
2025-01-02 14:02:28 [INFO] Se encontraron 30 enlaces en https://frutascandil.com/productos/tomate-marmanda
2025-01-02 14:02:30 [INFO] [HTTP] [301]https://frutascandil.com/category/noticias -> [200]https://frutascandil.com/category/noticias/, 176366 bytes
2025-01-02 14:02:30 [INFO] Se encontraron 86 enlaces en https://frutascandil.com/category/noticias
2025-01-02 14:02:32 [INFO] [HTTP] [301]https://frutascandil.com/productos/pimiento-verde -> [200]https://frutascandil.com/productos/pimiento-verde/, 146860 bytes
2025-01-02 14:02:32 [INFO] Se encontraron 30 enlaces en https://frutascandil.com/productos/pimiento-verde
2025-01-02 14:02:32 [INFO] [HTTP] [301]https://frutascandil.com/category/recetas -> [200]https://frutascandil.com/category/recetas/, 176907 bytes
2025-01-02 14:02:32 [INFO] Se encontraron 85 enlaces en https://frutascandil.com/category/recetas
2025-01-02 14:02:32 [INFO] [HTTP] https://frutascandil.com/wp-content/uploads/2022/10/AH-DLL-GROW-Validez-11-01-2023.pdf => [200] (sin redirecciones), 103934 bytes
2025-01-02 14:02:32 [INFO] [HTTP] https://frutascandil.com/wp-content/uploads/2022/10/CoC-Validez-29-01-2023.pdf => [200] (sin redirecciones), 240548 bytes
2025-01-02 14:02:32 [INFO] [HTTP] https://frutascandil.com/wp-content/uploads/2022/10/eCertificate-GGN-Validez-11-01-2023.pdf => [200] (sin redirecciones), 66961 bytes
2025-01-02 14:02:32 [INFO] [HTTP] https://frutascandil.com/wp-content/uploads/2022/10/GGN-22-30-Validez-11-01-2023.pdf => [200] (sin redirecciones), 231540 bytes
2025-01-02 14:02:32 [INFO] [HTTP] https://frutascandil.com/wp-content/uploads/2022/10/GRASP-GGN-4050373762438-Validez-20-12-2022-.pdf => [200] (sin redirecciones), 837516 bytes
2025-01-02 14:02:32 [INFO] [HTTP] [301]https://frutascandil.com/ecorobotix-la-mas-alta-tecnologia-llega-a-los-campos-de-labranza -> [200]https://frutascandil.com/ecorobotix-la-mas-alta-tecnologia-llega-a-los-campos-de-labranza/, 153572 bytes
2025-01-02 14:02:32 [INFO] Se encontraron 36 enlaces en https://frutascandil.com/ecorobotix-la-mas-alta-tecnologia-llega-a-los-campos-de-labranza
2025-01-02 14:02:33 [INFO] [HTTP] [301]https://frutascandil.com/las-frutas-y-las-verduras-mejoran-la-salud-mental -> [200]https://frutascandil.com/las-frutas-y-las-verduras-mejoran-la-salud-mental/, 154156 bytes
2025-01-02 14:02:33 [INFO] Se encontraron 36 enlaces en https://frutascandil.com/las-frutas-y-las-verduras-mejoran-la-salud-mental
2025-01-02 14:02:34 [INFO] [HTTP] [301]https://frutascandil.com/la-alimentacion-la-clave-de-una-vida-saludable -> [200]https://frutascandil.com/la-alimentacion-la-clave-de-una-vida-saludable/, 153225 bytes
2025-01-02 14:02:34 [INFO] Se encontraron 36 enlaces en https://frutascandil.com/la-alimentacion-la-clave-de-una-vida-saludable
2025-01-02 14:02:36 [INFO] [HTTP] [301]https://frutascandil.com/alimentos-mas-frescos-por-mas-tiempo -> [200]https://frutascandil.com/alimentos-mas-frescos-por-mas-tiempo/, 152832 bytes
2025-01-02 14:02:36 [INFO] Se encontraron 36 enlaces en https://frutascandil.com/alimentos-mas-frescos-por-mas-tiempo
2025-01-02 14:02:37 [INFO] [HTTP] [301]https://frutascandil.com/blog/page/2 -> [200]https://frutascandil.com/blog/page/2/, 176055 bytes
2025-01-02 14:02:37 [INFO] Se encontraron 87 enlaces en https://frutascandil.com/blog/page/2
2025-01-02 14:02:37 [INFO] [HTTP] [301]https://frutascandil.com/category/eventos -> [200]https://frutascandil.com/category/eventos/, 148161 bytes
2025-01-02 14:02:37 [INFO] Se encontraron 38 enlaces en https://frutascandil.com/category/eventos
2025-01-02 14:02:37 [INFO] [HTTP] [301]https://frutascandil.com/productos/uvas-2 -> [200]https://frutascandil.com/productos/uvas-2/, 146807 bytes
2025-01-02 14:02:37 [INFO] Se encontraron 30 enlaces en https://frutascandil.com/productos/uvas-2
2025-01-02 14:02:38 [INFO] [HTTP] [301]http://frutascandil.com/ -> [200]https://frutascandil.com/, 294755 bytes
2025-01-02 14:02:38 [INFO] Se encontraron 82 enlaces en http://frutascandil.com
2025-01-02 14:02:38 [INFO] [HTTP] [301]https://frutascandil.com/blog/page/10 -> [200]https://frutascandil.com/blog/page/10/, 164834 bytes
2025-01-02 14:02:38 [INFO] Se encontraron 65 enlaces en https://frutascandil.com/blog/page/10
2025-01-02 14:02:38 [INFO] [HTTP] [301]https://frutascandil.com/author/wp-admin -> [200]https://frutascandil.com/author/wp-admin/, 177347 bytes
2025-01-02 14:02:38 [INFO] Se encontraron 86 enlaces en https://frutascandil.com/author/wp-admin
2025-01-02 14:02:47 [INFO] [HTTP] [301]https://frutascandil.com/fruta-con-o-sin-piel -> [200]https://frutascandil.com/fruta-con-o-sin-piel/, 152306 bytes
2025-01-02 14:02:47 [INFO] Se encontraron 36 enlaces en https://frutascandil.com/fruta-con-o-sin-piel
2025-01-02 14:02:47 [INFO] [HTTP] [301]https://frutascandil.com/ensalada-de-verano -> [200]https://frutascandil.com/ensalada-de-verano/, 152355 bytes
2025-01-02 14:02:47 [INFO] Se encontraron 36 enlaces en https://frutascandil.com/ensalada-de-verano
2025-01-02 14:02:48 [INFO] [HTTP] [301]https://frutascandil.com/patatas-gajo -> [200]https://frutascandil.com/patatas-gajo/, 153061 bytes
2025-01-02 14:02:48 [INFO] Se encontraron 36 enlaces en https://frutascandil.com/patatas-gajo
2025-01-02 14:02:48 [INFO] [HTTP] [301]https://frutascandil.com/ensalada-de-aguacate-manzana-y-pepino -> [200]https://frutascandil.com/ensalada-de-aguacate-manzana-y-pepino/, 153324 bytes
2025-01-02 14:02:48 [INFO] Se encontraron 36 enlaces en https://frutascandil.com/ensalada-de-aguacate-manzana-y-pepino
2025-01-02 14:02:48 [INFO] [HTTP] [301]https://frutascandil.com/gofre-casero -> [200]https://frutascandil.com/gofre-casero/, 153022 bytes
2025-01-02 14:02:48 [INFO] Se encontraron 36 enlaces en https://frutascandil.com/gofre-casero
2025-01-02 14:02:49 [INFO] [HTTP] [301]https://frutascandil.com/category/noticias/page/2 -> [200]https://frutascandil.com/category/noticias/page/2/, 177573 bytes
2025-01-02 14:02:49 [INFO] Se encontraron 87 enlaces en https://frutascandil.com/category/noticias/page/2
2025-01-02 14:02:50 [INFO] [HTTP] [301]https://frutascandil.com/category/noticias/page/7 -> [200]https://frutascandil.com/category/noticias/page/7/, 166331 bytes
2025-01-02 14:02:50 [INFO] Se encontraron 65 enlaces en https://frutascandil.com/category/noticias/page/7
2025-01-02 14:02:52 [INFO] [HTTP] [301]https://frutascandil.com/aperitivos-con-frutas -> [200]https://frutascandil.com/aperitivos-con-frutas/, 153302 bytes
2025-01-02 14:02:52 [INFO] Se encontraron 36 enlaces en https://frutascandil.com/aperitivos-con-frutas
2025-01-02 14:02:54 [INFO] [HTTP] [301]https://frutascandil.com/tostadas-con-pepino-y-queso -> [200]https://frutascandil.com/tostadas-con-pepino-y-queso/, 152918 bytes
2025-01-02 14:02:54 [INFO] Se encontraron 36 enlaces en https://frutascandil.com/tostadas-con-pepino-y-queso
2025-01-02 14:02:58 [INFO] [HTTP] [301]https://frutascandil.com/category/recetas/page/2 -> [200]https://frutascandil.com/category/recetas/page/2/, 177002 bytes
2025-01-02 14:02:58 [INFO] Se encontraron 86 enlaces en https://frutascandil.com/category/recetas/page/2
2025-01-02 14:02:59 [INFO] [HTTP] [301]https://frutascandil.com/combinaciones-de-zumos -> [200]https://frutascandil.com/combinaciones-de-zumos/, 152548 bytes
2025-01-02 14:02:59 [INFO] Se encontraron 36 enlaces en https://frutascandil.com/combinaciones-de-zumos
2025-01-02 14:03:00 [INFO] [HTTP] [301]https://frutascandil.com/langostinos-a-la-plancha-con-aguacate-y-limon -> [200]https://frutascandil.com/langostinos-a-la-plancha-con-aguacate-y-limon/, 153409 bytes
2025-01-02 14:03:00 [INFO] Se encontraron 36 enlaces en https://frutascandil.com/langostinos-a-la-plancha-con-aguacate-y-limon
2025-01-02 14:03:00 [INFO] [HTTP] [301]https://frutascandil.com/las-uvas-no-estan-solo-para-tomarse-en-nochevieja -> [200]https://frutascandil.com/las-uvas-no-estan-solo-para-tomarse-en-nochevieja/, 154286 bytes
2025-01-02 14:03:00 [INFO] Se encontraron 36 enlaces en https://frutascandil.com/las-uvas-no-estan-solo-para-tomarse-en-nochevieja
2025-01-02 14:03:01 [INFO] [HTTP] [301]https://frutascandil.com/category/recetas/page/3 -> [200]https://frutascandil.com/category/recetas/page/3/, 177389 bytes
2025-01-02 14:03:01 [INFO] Se encontraron 85 enlaces en https://frutascandil.com/category/recetas/page/3
2025-01-02 14:03:04 [INFO] [HTTP] [301]https://frutascandil.com/de-donde-vienen-los-mangos -> [200]https://frutascandil.com/de-donde-vienen-los-mangos/, 153324 bytes
2025-01-02 14:03:04 [INFO] Se encontraron 36 enlaces en https://frutascandil.com/de-donde-vienen-los-mangos
2025-01-02 14:03:06 [INFO] [HTTP] [301]https://frutascandil.com/lideres-de-la-agricultura-ecologica -> [200]https://frutascandil.com/lideres-de-la-agricultura-ecologica/, 153260 bytes
2025-01-02 14:03:06 [INFO] Se encontraron 36 enlaces en https://frutascandil.com/lideres-de-la-agricultura-ecologica
2025-01-02 14:03:07 [INFO] [HTTP] [301]https://frutascandil.com/visita-de-juan-pozuelo -> [200]https://frutascandil.com/visita-de-juan-pozuelo/, 152298 bytes
2025-01-02 14:03:07 [INFO] Se encontraron 36 enlaces en https://frutascandil.com/visita-de-juan-pozuelo
2025-01-02 14:03:10 [INFO] [HTTP] [301]https://frutascandil.com/tomate-rosa -> [200]https://frutascandil.com/tomate-rosa/, 152644 bytes
2025-01-02 14:03:10 [INFO] Se encontraron 36 enlaces en https://frutascandil.com/tomate-rosa
2025-01-02 14:03:10 [INFO] [HTTP] [301]https://frutascandil.com/os-presentamos-el-arte-del-mukimono -> [200]https://frutascandil.com/os-presentamos-el-arte-del-mukimono/, 153655 bytes
2025-01-02 14:03:10 [INFO] Se encontraron 36 enlaces en https://frutascandil.com/os-presentamos-el-arte-del-mukimono
2025-01-02 14:03:10 [INFO] [HTTP] [301]https://frutascandil.com/buenas-noticias-para-el-sector -> [200]https://frutascandil.com/buenas-noticias-para-el-sector/, 153098 bytes
2025-01-02 14:03:10 [INFO] Se encontraron 36 enlaces en https://frutascandil.com/buenas-noticias-para-el-sector
2025-01-02 14:03:12 [INFO] [HTTP] [301]https://frutascandil.com/propiedades-del-repollo -> [200]https://frutascandil.com/propiedades-del-repollo/, 153161 bytes
2025-01-02 14:03:12 [INFO] Se encontraron 36 enlaces en https://frutascandil.com/propiedades-del-repollo
2025-01-02 14:03:12 [INFO] [HTTP] [301]https://frutascandil.com/blog/page/3 -> [200]https://frutascandil.com/blog/page/3/, 178040 bytes
2025-01-02 14:03:12 [INFO] Se encontraron 88 enlaces en https://frutascandil.com/blog/page/3
2025-01-02 14:03:14 [INFO] [HTTP] [301]https://frutascandil.com/ensalada-de-remolacha -> [200]https://frutascandil.com/ensalada-de-remolacha/, 152996 bytes
2025-01-02 14:03:14 [INFO] Se encontraron 36 enlaces en https://frutascandil.com/ensalada-de-remolacha
2025-01-02 14:03:14 [INFO] [HTTP] [301]https://frutascandil.com/pollo-a-la-naranja -> [200]https://frutascandil.com/pollo-a-la-naranja/, 153736 bytes
2025-01-02 14:03:15 [INFO] Se encontraron 36 enlaces en https://frutascandil.com/pollo-a-la-naranja
2025-01-02 14:03:15 [INFO] [HTTP] [301]https://frutascandil.com/gachas-de-chocolate-con-fruta -> [200]https://frutascandil.com/gachas-de-chocolate-con-fruta/, 153129 bytes
2025-01-02 14:03:15 [INFO] Se encontraron 36 enlaces en https://frutascandil.com/gachas-de-chocolate-con-fruta
2025-01-02 14:03:18 [INFO] [HTTP] [301]https://frutascandil.com/ensalada-con-naranja-y-nueces -> [200]https://frutascandil.com/ensalada-con-naranja-y-nueces/, 152888 bytes
2025-01-02 14:03:18 [INFO] Se encontraron 36 enlaces en https://frutascandil.com/ensalada-con-naranja-y-nueces
2025-01-02 14:03:19 [INFO] [HTTP] [301]https://frutascandil.com/ensalada-con-uvas -> [200]https://frutascandil.com/ensalada-con-uvas/, 152718 bytes
2025-01-02 14:03:19 [INFO] Se encontraron 36 enlaces en https://frutascandil.com/ensalada-con-uvas
2025-01-02 14:03:19 [INFO] [HTTP] [301]https://frutascandil.com/naranja-roja -> [200]https://frutascandil.com/naranja-roja/, 152992 bytes
2025-01-02 14:03:19 [INFO] Se encontraron 36 enlaces en https://frutascandil.com/naranja-roja
2025-01-02 14:03:19 [INFO] [HTTP] [301]https://frutascandil.com/dia-de-las-legumbres-ensalada-con-lentejas -> [200]https://frutascandil.com/dia-de-las-legumbres-ensalada-con-lentejas/, 152790 bytes
2025-01-02 14:03:19 [INFO] Se encontraron 35 enlaces en https://frutascandil.com/dia-de-las-legumbres-ensalada-con-lentejas
2025-01-02 14:03:20 [INFO] [HTTP] [301]https://frutascandil.com/author/wp-admin/page/2 -> [200]https://frutascandil.com/author/wp-admin/page/2/, 178639 bytes
2025-01-02 14:03:20 [INFO] Se encontraron 87 enlaces en https://frutascandil.com/author/wp-admin/page/2
2025-01-02 14:03:21 [INFO] [HTTP] [301]https://frutascandil.com/blog/page/9 -> [200]https://frutascandil.com/blog/page/9/, 175644 bytes
2025-01-02 14:03:21 [INFO] Se encontraron 87 enlaces en https://frutascandil.com/blog/page/9
2025-01-02 14:03:21 [INFO] [HTTP] [301]https://frutascandil.com/dia-internacional-de-la-croqueta -> [200]https://frutascandil.com/dia-internacional-de-la-croqueta/, 154177 bytes
2025-01-02 14:03:21 [INFO] Se encontraron 36 enlaces en https://frutascandil.com/dia-internacional-de-la-croqueta
2025-01-02 14:03:21 [INFO] [HTTP] [301]https://frutascandil.com/author/wp-admin/page/10 -> [200]https://frutascandil.com/author/wp-admin/page/10/, 167324 bytes
2025-01-02 14:03:21 [INFO] Se encontraron 65 enlaces en https://frutascandil.com/author/wp-admin/page/10
2025-01-02 14:03:26 [INFO] [HTTP] [301]https://frutascandil.com/por-que-desayunar-naranja -> [200]https://frutascandil.com/por-que-desayunar-naranja/, 152850 bytes
2025-01-02 14:03:26 [INFO] Se encontraron 36 enlaces en https://frutascandil.com/por-que-desayunar-naranja
2025-01-02 14:03:27 [INFO] [HTTP] [301]https://frutascandil.com/category/noticias/page/3 -> [200]https://frutascandil.com/category/noticias/page/3/, 179816 bytes
2025-01-02 14:03:27 [INFO] Se encontraron 88 enlaces en https://frutascandil.com/category/noticias/page/3
2025-01-02 14:03:28 [INFO] [HTTP] [301]https://frutascandil.com/la-recuperacion-de-los-precios-de-la-manzana -> [200]https://frutascandil.com/la-recuperacion-de-los-precios-de-la-manzana/, 152944 bytes
2025-01-02 14:03:28 [INFO] Se encontraron 36 enlaces en https://frutascandil.com/la-recuperacion-de-los-precios-de-la-manzana
2025-01-02 14:03:29 [INFO] [HTTP] [301]https://frutascandil.com/nuestra-lechuga-iceberg -> [200]https://frutascandil.com/nuestra-lechuga-iceberg/, 152361 bytes
2025-01-02 14:03:29 [INFO] Se encontraron 36 enlaces en https://frutascandil.com/nuestra-lechuga-iceberg
2025-01-02 14:03:29 [INFO] [HTTP] [301]https://frutascandil.com/el-camion-la-clave-en-el-transporte-de-frutas -> [200]https://frutascandil.com/el-camion-la-clave-en-el-transporte-de-frutas/, 152868 bytes
2025-01-02 14:03:30 [INFO] Se encontraron 36 enlaces en https://frutascandil.com/el-camion-la-clave-en-el-transporte-de-frutas
2025-01-02 14:03:30 [INFO] [HTTP] [301]https://frutascandil.com/dia-mundial-del-reciclaje -> [200]https://frutascandil.com/dia-mundial-del-reciclaje/, 153696 bytes
2025-01-02 14:03:30 [INFO] Se encontraron 36 enlaces en https://frutascandil.com/dia-mundial-del-reciclaje
2025-01-02 14:03:30 [INFO] [HTTP] [301]https://frutascandil.com/la-fruta-y-el-colesterol -> [200]https://frutascandil.com/la-fruta-y-el-colesterol/, 152962 bytes
2025-01-02 14:03:30 [INFO] Se encontraron 36 enlaces en https://frutascandil.com/la-fruta-y-el-colesterol
2025-01-02 14:03:31 [INFO] [HTTP] [301]https://frutascandil.com/category/noticias/page/6 -> [200]https://frutascandil.com/category/noticias/page/6/, 178209 bytes
2025-01-02 14:03:31 [INFO] Se encontraron 87 enlaces en https://frutascandil.com/category/noticias/page/6
2025-01-02 14:03:34 [INFO] [HTTP] [301]https://frutascandil.com/flan-de-pera -> [200]https://frutascandil.com/flan-de-pera/, 152913 bytes
2025-01-02 14:03:34 [INFO] Se encontraron 36 enlaces en https://frutascandil.com/flan-de-pera
2025-01-02 14:03:35 [INFO] [HTTP] [301]https://frutascandil.com/tarta-de-manzana -> [200]https://frutascandil.com/tarta-de-manzana/, 154293 bytes
2025-01-02 14:03:35 [INFO] Se encontraron 36 enlaces en https://frutascandil.com/tarta-de-manzana
2025-01-02 14:03:36 [INFO] [HTTP] [301]https://frutascandil.com/tostada-con-uvas-asadas-y-ricota -> [200]https://frutascandil.com/tostada-con-uvas-asadas-y-ricota/, 153101 bytes
2025-01-02 14:03:36 [INFO] Se encontraron 36 enlaces en https://frutascandil.com/tostada-con-uvas-asadas-y-ricota
2025-01-02 14:03:37 [INFO] [HTTP] [301]https://frutascandil.com/gelatina-de-melon -> [200]https://frutascandil.com/gelatina-de-melon/, 152515 bytes
2025-01-02 14:03:37 [INFO] Se encontraron 36 enlaces en https://frutascandil.com/gelatina-de-melon
2025-01-02 14:03:39 [INFO] [HTTP] [301]https://frutascandil.com/smoothie-repleto-de-magnesio -> [200]https://frutascandil.com/smoothie-repleto-de-magnesio/, 153706 bytes
2025-01-02 14:03:39 [INFO] Se encontraron 36 enlaces en https://frutascandil.com/smoothie-repleto-de-magnesio
2025-01-02 14:03:39 [INFO] [HTTP] [301]https://frutascandil.com/quinoa-con-salmon-y-judias-verdes -> [200]https://frutascandil.com/quinoa-con-salmon-y-judias-verdes/, 153814 bytes
2025-01-02 14:03:39 [INFO] Se encontraron 36 enlaces en https://frutascandil.com/quinoa-con-salmon-y-judias-verdes
2025-01-02 14:03:39 [INFO] [HTTP] [301]https://frutascandil.com/fondue-de-chocolate -> [200]https://frutascandil.com/fondue-de-chocolate/, 152967 bytes
2025-01-02 14:03:40 [INFO] Se encontraron 36 enlaces en https://frutascandil.com/fondue-de-chocolate
2025-01-02 14:03:42 [INFO] [HTTP] [301]https://frutascandil.com/ensalada-caprese-caliente -> [200]https://frutascandil.com/ensalada-caprese-caliente/, 153316 bytes
2025-01-02 14:03:42 [INFO] Se encontraron 36 enlaces en https://frutascandil.com/ensalada-caprese-caliente
2025-01-02 14:03:44 [INFO] [HTTP] [301]https://frutascandil.com/frutas-para-prevenir-el-cancer -> [200]https://frutascandil.com/frutas-para-prevenir-el-cancer/, 153724 bytes
2025-01-02 14:03:44 [INFO] Se encontraron 36 enlaces en https://frutascandil.com/frutas-para-prevenir-el-cancer
2025-01-02 14:03:45 [INFO] [HTTP] [301]https://frutascandil.com/helado-de-moras -> [200]https://frutascandil.com/helado-de-moras/, 152250 bytes
2025-01-02 14:03:45 [INFO] Se encontraron 36 enlaces en https://frutascandil.com/helado-de-moras
2025-01-02 14:03:47 [INFO] [HTTP] [301]https://frutascandil.com/tomate-frito-casero -> [200]https://frutascandil.com/tomate-frito-casero/, 153601 bytes
2025-01-02 14:03:47 [INFO] Se encontraron 36 enlaces en https://frutascandil.com/tomate-frito-casero
2025-01-02 14:03:47 [INFO] [HTTP] [301]https://frutascandil.com/ensaladas-con-frutas -> [200]https://frutascandil.com/ensaladas-con-frutas/, 152640 bytes
2025-01-02 14:03:47 [INFO] Se encontraron 36 enlaces en https://frutascandil.com/ensaladas-con-frutas
2025-01-02 14:03:49 [INFO] [HTTP] [301]https://frutascandil.com/granola-con-frutas -> [200]https://frutascandil.com/granola-con-frutas/, 153430 bytes
2025-01-02 14:03:49 [INFO] Se encontraron 36 enlaces en https://frutascandil.com/granola-con-frutas
2025-01-02 14:03:50 [INFO] [HTTP] [301]https://frutascandil.com/beneficios-de-las-frutas-de-hueso -> [200]https://frutascandil.com/beneficios-de-las-frutas-de-hueso/, 154373 bytes
2025-01-02 14:03:50 [INFO] Se encontraron 36 enlaces en https://frutascandil.com/beneficios-de-las-frutas-de-hueso
2025-01-02 14:03:54 [INFO] [HTTP] [301]https://frutascandil.com/como-conservar-mas-frescas-tus-verduras -> [200]https://frutascandil.com/como-conservar-mas-frescas-tus-verduras/, 153768 bytes
2025-01-02 14:03:54 [INFO] Se encontraron 36 enlaces en https://frutascandil.com/como-conservar-mas-frescas-tus-verduras
2025-01-02 14:03:56 [INFO] [HTTP] [301]https://frutascandil.com/millones-de-muertes-cardiovasculares-por-falta-de-frutas-y-verduras-en-la-dieta -> [200]https://frutascandil.com/millones-de-muertes-cardiovasculares-por-falta-de-frutas-y-verduras-en-la-dieta/, 154700 bytes
2025-01-02 14:03:56 [INFO] Se encontraron 36 enlaces en https://frutascandil.com/millones-de-muertes-cardiovasculares-por-falta-de-frutas-y-verduras-en-la-dieta
2025-01-02 14:03:56 [INFO] [HTTP] [301]https://frutascandil.com/tarta-de-calabaza -> [200]https://frutascandil.com/tarta-de-calabaza/, 153972 bytes
2025-01-02 14:03:56 [INFO] Se encontraron 36 enlaces en https://frutascandil.com/tarta-de-calabaza
2025-01-02 14:03:56 [INFO] [HTTP] [301]https://frutascandil.com/frutas-como-fuentes-de-energia-alternativas -> [200]https://frutascandil.com/frutas-como-fuentes-de-energia-alternativas/, 154363 bytes
2025-01-02 14:03:56 [INFO] Se encontraron 36 enlaces en https://frutascandil.com/frutas-como-fuentes-de-energia-alternativas
2025-01-02 14:03:56 [INFO] [HTTP] [301]https://frutascandil.com/la-exportacion-espanola-mejora-en-el-primer-trimestre -> [200]https://frutascandil.com/la-exportacion-espanola-mejora-en-el-primer-trimestre/, 153759 bytes
2025-01-02 14:03:56 [INFO] Se encontraron 36 enlaces en https://frutascandil.com/la-exportacion-espanola-mejora-en-el-primer-trimestre
2025-01-02 14:03:57 [INFO] [HTTP] [301]https://frutascandil.com/identifican-4-873-nuevos-genes-en-el-tomate -> [200]https://frutascandil.com/identifican-4-873-nuevos-genes-en-el-tomate/, 154137 bytes
2025-01-02 14:03:57 [INFO] Se encontraron 36 enlaces en https://frutascandil.com/identifican-4-873-nuevos-genes-en-el-tomate
2025-01-02 14:03:58 [INFO] [HTTP] [301]https://frutascandil.com/los-beneficios-de-la-sandia -> [200]https://frutascandil.com/los-beneficios-de-la-sandia/, 153583 bytes
2025-01-02 14:03:58 [INFO] Se encontraron 36 enlaces en https://frutascandil.com/los-beneficios-de-la-sandia
2025-01-02 14:03:59 [INFO] [HTTP] [301]https://frutascandil.com/beneficios-del-aguacate -> [200]https://frutascandil.com/beneficios-del-aguacate/, 153050 bytes
2025-01-02 14:03:59 [INFO] Se encontraron 36 enlaces en https://frutascandil.com/beneficios-del-aguacate
2025-01-02 14:04:01 [INFO] [HTTP] [301]https://frutascandil.com/tostas-de-remolacha-y-granada -> [200]https://frutascandil.com/tostas-de-remolacha-y-granada/, 153362 bytes
2025-01-02 14:04:01 [INFO] Se encontraron 36 enlaces en https://frutascandil.com/tostas-de-remolacha-y-granada
2025-01-02 14:04:01 [INFO] [HTTP] [301]https://frutascandil.com/blog/page/4 -> [200]https://frutascandil.com/blog/page/4/, 176846 bytes
2025-01-02 14:04:01 [INFO] Se encontraron 88 enlaces en https://frutascandil.com/blog/page/4
2025-01-02 14:04:01 [INFO] [HTTP] [301]https://frutascandil.com/frutas-candil-firma-los-primeros-acuerdos-de-colaboracion-con-los-mercados-asiaticos -> [200]https://frutascandil.com/frutas-candil-firma-los-primeros-acuerdos-de-colaboracion-con-los-mercados-asiaticos/, 155055 bytes
2025-01-02 14:04:01 [INFO] Se encontraron 36 enlaces en https://frutascandil.com/frutas-candil-firma-los-primeros-acuerdos-de-colaboracion-con-los-mercados-asiaticos
2025-01-02 14:04:03 [INFO] [HTTP] [301]https://frutascandil.com/author/wp-admin/page/9 -> [200]https://frutascandil.com/author/wp-admin/page/9/, 178236 bytes
2025-01-02 14:04:03 [INFO] Se encontraron 87 enlaces en https://frutascandil.com/author/wp-admin/page/9
2025-01-02 14:04:03 [INFO] [HTTP] [301]https://frutascandil.com/author/wp-admin/page/3 -> [200]https://frutascandil.com/author/wp-admin/page/3/, 180628 bytes
2025-01-02 14:04:03 [INFO] Se encontraron 88 enlaces en https://frutascandil.com/author/wp-admin/page/3
2025-01-02 14:04:03 [INFO] [HTTP] [301]https://frutascandil.com/blog/page/8 -> [200]https://frutascandil.com/blog/page/8/, 175454 bytes
2025-01-02 14:04:03 [INFO] Se encontraron 88 enlaces en https://frutascandil.com/blog/page/8
2025-01-02 14:04:11 [INFO] [HTTP] [301]https://frutascandil.com/beneficios-del-paraguayo -> [200]https://frutascandil.com/beneficios-del-paraguayo/, 153196 bytes
2025-01-02 14:04:11 [INFO] Se encontraron 36 enlaces en https://frutascandil.com/beneficios-del-paraguayo
2025-01-02 14:04:11 [INFO] [HTTP] [301]https://frutascandil.com/blue-monday-la-fruta-y-la-depresion -> [200]https://frutascandil.com/blue-monday-la-fruta-y-la-depresion/, 153404 bytes
2025-01-02 14:04:11 [INFO] Se encontraron 36 enlaces en https://frutascandil.com/blue-monday-la-fruta-y-la-depresion
2025-01-02 14:04:11 [INFO] [HTTP] [301]https://frutascandil.com/la-vitamina-a-en-la-fruta -> [200]https://frutascandil.com/la-vitamina-a-en-la-fruta/, 152770 bytes
2025-01-02 14:04:11 [INFO] Se encontraron 36 enlaces en https://frutascandil.com/la-vitamina-a-en-la-fruta
2025-01-02 14:04:11 [INFO] [HTTP] [301]https://frutascandil.com/el-color-de-la-fruta-te-habla-de-sus-nutrientes -> [200]https://frutascandil.com/el-color-de-la-fruta-te-habla-de-sus-nutrientes/, 154280 bytes
2025-01-02 14:04:11 [INFO] Se encontraron 36 enlaces en https://frutascandil.com/el-color-de-la-fruta-te-habla-de-sus-nutrientes
2025-01-02 14:04:11 [INFO] [HTTP] [301]https://frutascandil.com/espana-es-la-lider-mundial-en-exportacion-de-citricos -> [200]https://frutascandil.com/espana-es-la-lider-mundial-en-exportacion-de-citricos/, 153690 bytes
2025-01-02 14:04:11 [INFO] Se encontraron 36 enlaces en https://frutascandil.com/espana-es-la-lider-mundial-en-exportacion-de-citricos
2025-01-02 14:04:11 [INFO] [HTTP] [301]https://frutascandil.com/las-frutas-de-temporada-en-enero -> [200]https://frutascandil.com/las-frutas-de-temporada-en-enero/, 152752 bytes
2025-01-02 14:04:11 [INFO] Se encontraron 36 enlaces en https://frutascandil.com/las-frutas-de-temporada-en-enero
2025-01-02 14:04:12 [INFO] [HTTP] [301]https://frutascandil.com/category/noticias/page/4 -> [200]https://frutascandil.com/category/noticias/page/4/, 178613 bytes
2025-01-02 14:04:12 [INFO] Se encontraron 88 enlaces en https://frutascandil.com/category/noticias/page/4
2025-01-02 14:04:12 [INFO] [HTTP] [301]https://frutascandil.com/beneficios-de-tomar-infusiones-de-frutas -> [200]https://frutascandil.com/beneficios-de-tomar-infusiones-de-frutas/, 152663 bytes
2025-01-02 14:04:12 [INFO] Se encontraron 36 enlaces en https://frutascandil.com/beneficios-de-tomar-infusiones-de-frutas
2025-01-02 14:04:16 [INFO] [HTTP] [301]https://frutascandil.com/como-elegir-las-mandarinas-mas-jugosas -> [200]https://frutascandil.com/como-elegir-las-mandarinas-mas-jugosas/, 152859 bytes
2025-01-02 14:04:16 [INFO] Se encontraron 36 enlaces en https://frutascandil.com/como-elegir-las-mandarinas-mas-jugosas
2025-01-02 14:04:18 [INFO] [HTTP] [301]https://frutascandil.com/8-razones-para-comer-fruta -> [200]https://frutascandil.com/8-razones-para-comer-fruta/, 152273 bytes
2025-01-02 14:04:18 [INFO] Se encontraron 36 enlaces en https://frutascandil.com/8-razones-para-comer-fruta
2025-01-02 14:04:18 [INFO] [HTTP] [301]https://frutascandil.com/conoces-cuantas-variedades-de-las-patatas-hay -> [200]https://frutascandil.com/conoces-cuantas-variedades-de-las-patatas-hay/, 154538 bytes
2025-01-02 14:04:18 [INFO] Se encontraron 36 enlaces en https://frutascandil.com/conoces-cuantas-variedades-de-las-patatas-hay
2025-01-02 14:04:18 [INFO] [HTTP] [301]https://frutascandil.com/fuerte-crecimiento-de-la-importacion-de-frutas-y-verduras -> [200]https://frutascandil.com/fuerte-crecimiento-de-la-importacion-de-frutas-y-verduras/, 153660 bytes
2025-01-02 14:04:18 [INFO] Se encontraron 36 enlaces en https://frutascandil.com/fuerte-crecimiento-de-la-importacion-de-frutas-y-verduras
2025-01-02 14:04:18 [INFO] [HTTP] [301]https://frutascandil.com/variedades-de-pimiento-en-espana -> [200]https://frutascandil.com/variedades-de-pimiento-en-espana/, 155590 bytes
2025-01-02 14:04:18 [INFO] Se encontraron 36 enlaces en https://frutascandil.com/variedades-de-pimiento-en-espana
2025-01-02 14:04:19 [INFO] [HTTP] [301]https://frutascandil.com/conoces-todos-los-beneficios-de-la-patata -> [200]https://frutascandil.com/conoces-todos-los-beneficios-de-la-patata/, 154333 bytes
2025-01-02 14:04:19 [INFO] Se encontraron 36 enlaces en https://frutascandil.com/conoces-todos-los-beneficios-de-la-patata
2025-01-02 14:04:19 [INFO] [HTTP] [301]https://frutascandil.com/secar-frutas-para-decorar -> [200]https://frutascandil.com/secar-frutas-para-decorar/, 153055 bytes
2025-01-02 14:04:19 [INFO] Se encontraron 36 enlaces en https://frutascandil.com/secar-frutas-para-decorar
2025-01-02 14:04:20 [INFO] [HTTP] [301]https://frutascandil.com/perfil-del-consumidor-ecologico -> [200]https://frutascandil.com/perfil-del-consumidor-ecologico/, 154033 bytes
2025-01-02 14:04:20 [INFO] Se encontraron 36 enlaces en https://frutascandil.com/perfil-del-consumidor-ecologico
2025-01-02 14:04:22 [INFO] [HTTP] [301]https://frutascandil.com/historia-de-las-uvas -> [200]https://frutascandil.com/historia-de-las-uvas/, 152361 bytes
2025-01-02 14:04:22 [INFO] Se encontraron 36 enlaces en https://frutascandil.com/historia-de-las-uvas
2025-01-02 14:04:24 [INFO] [HTTP] [301]https://frutascandil.com/propiedades-de-la-berenjena -> [200]https://frutascandil.com/propiedades-de-la-berenjena/, 153206 bytes
2025-01-02 14:04:24 [INFO] Se encontraron 36 enlaces en https://frutascandil.com/propiedades-de-la-berenjena
2025-01-02 14:04:24 [INFO] [HTTP] [301]https://frutascandil.com/beneficios-de-la-granada -> [200]https://frutascandil.com/beneficios-de-la-granada/, 153509 bytes
2025-01-02 14:04:24 [INFO] Se encontraron 37 enlaces en https://frutascandil.com/beneficios-de-la-granada
2025-01-02 14:04:26 [INFO] [HTTP] [301]https://frutascandil.com/author/wp-admin/page/8 -> [200]https://frutascandil.com/author/wp-admin/page/8/, 177990 bytes
2025-01-02 14:04:26 [INFO] Se encontraron 88 enlaces en https://frutascandil.com/author/wp-admin/page/8
2025-01-02 14:04:26 [INFO] [HTTP] [301]https://frutascandil.com/la-clemenrubi-la-clementina-mas-mimada -> [200]https://frutascandil.com/la-clemenrubi-la-clementina-mas-mimada/, 153067 bytes
2025-01-02 14:04:26 [INFO] Se encontraron 36 enlaces en https://frutascandil.com/la-clemenrubi-la-clementina-mas-mimada
2025-01-02 14:04:26 [INFO] [HTTP] [301]https://frutascandil.com/cuando-es-mejor-comer-frutas -> [200]https://frutascandil.com/cuando-es-mejor-comer-frutas/, 153242 bytes
2025-01-02 14:04:26 [INFO] Se encontraron 36 enlaces en https://frutascandil.com/cuando-es-mejor-comer-frutas
2025-01-02 14:04:26 [INFO] [HTTP] [301]https://frutascandil.com/author/wp-admin/page/4 -> [200]https://frutascandil.com/author/wp-admin/page/4/, 179393 bytes
2025-01-02 14:04:26 [INFO] Se encontraron 88 enlaces en https://frutascandil.com/author/wp-admin/page/4
2025-01-02 14:04:27 [INFO] [HTTP] [301]https://frutascandil.com/blog/page/7 -> [200]https://frutascandil.com/blog/page/7/, 176866 bytes
2025-01-02 14:04:27 [INFO] Se encontraron 88 enlaces en https://frutascandil.com/blog/page/7
2025-01-02 14:04:27 [INFO] [HTTP] [301]https://frutascandil.com/category/noticias/page/5 -> [200]https://frutascandil.com/category/noticias/page/5/, 178416 bytes
2025-01-02 14:04:27 [INFO] Se encontraron 88 enlaces en https://frutascandil.com/category/noticias/page/5
2025-01-02 14:04:29 [INFO] [HTTP] [301]https://frutascandil.com/blog/page/5 -> [200]https://frutascandil.com/blog/page/5/, 176828 bytes
2025-01-02 14:04:29 [INFO] Se encontraron 88 enlaces en https://frutascandil.com/blog/page/5
2025-01-02 14:04:34 [INFO] [HTTP] [301]https://frutascandil.com/fruta-con-piel-o-sin-piel -> [200]https://frutascandil.com/fruta-con-piel-o-sin-piel/, 153532 bytes
2025-01-02 14:04:34 [INFO] Se encontraron 36 enlaces en https://frutascandil.com/fruta-con-piel-o-sin-piel
2025-01-02 14:04:34 [INFO] [HTTP] [301]https://frutascandil.com/beneficios-de-la-chirimoya -> [200]https://frutascandil.com/beneficios-de-la-chirimoya/, 153567 bytes
2025-01-02 14:04:34 [INFO] Se encontraron 36 enlaces en https://frutascandil.com/beneficios-de-la-chirimoya
2025-01-02 14:04:35 [INFO] [HTTP] [301]https://frutascandil.com/author/wp-admin/page/5 -> [200]https://frutascandil.com/author/wp-admin/page/5/, 179464 bytes
2025-01-02 14:04:35 [INFO] Se encontraron 88 enlaces en https://frutascandil.com/author/wp-admin/page/5
2025-01-02 14:04:35 [INFO] [HTTP] [301]https://frutascandil.com/author/wp-admin/page/7 -> [200]https://frutascandil.com/author/wp-admin/page/7/, 179446 bytes
2025-01-02 14:04:35 [INFO] Se encontraron 88 enlaces en https://frutascandil.com/author/wp-admin/page/7
2025-01-02 14:04:37 [INFO] [HTTP] [301]https://frutascandil.com/blog/page/6 -> [200]https://frutascandil.com/blog/page/6/, 176939 bytes
2025-01-02 14:04:37 [INFO] Se encontraron 88 enlaces en https://frutascandil.com/blog/page/6
2025-01-02 14:04:37 [INFO] [HTTP] [301]https://frutascandil.com/beneficios-de-los-citricos -> [200]https://frutascandil.com/beneficios-de-los-citricos/, 152880 bytes
2025-01-02 14:04:37 [INFO] Se encontraron 36 enlaces en https://frutascandil.com/beneficios-de-los-citricos
2025-01-02 14:04:37 [INFO] [HTTP] [301]https://frutascandil.com/desmontamos-el-mito-la-fruta-no-engorda -> [200]https://frutascandil.com/desmontamos-el-mito-la-fruta-no-engorda/, 153329 bytes
2025-01-02 14:04:37 [INFO] Se encontraron 36 enlaces en https://frutascandil.com/desmontamos-el-mito-la-fruta-no-engorda
2025-01-02 14:04:38 [INFO] [HTTP] [301]https://frutascandil.com/alimentos-que-ayudan-a-prevenir-el-cancer-de-mama -> [200]https://frutascandil.com/alimentos-que-ayudan-a-prevenir-el-cancer-de-mama/, 153413 bytes
2025-01-02 14:04:38 [INFO] Se encontraron 36 enlaces en https://frutascandil.com/alimentos-que-ayudan-a-prevenir-el-cancer-de-mama
2025-01-02 14:04:39 [INFO] [HTTP] [301]https://frutascandil.com/nuestras-nectarinas-y-sus-propiedades -> [200]https://frutascandil.com/nuestras-nectarinas-y-sus-propiedades/, 152827 bytes
2025-01-02 14:04:39 [INFO] Se encontraron 36 enlaces en https://frutascandil.com/nuestras-nectarinas-y-sus-propiedades
2025-01-02 14:04:40 [INFO] [HTTP] [301]https://frutascandil.com/tipos-de-manzanas -> [200]https://frutascandil.com/tipos-de-manzanas/, 153111 bytes
2025-01-02 14:04:40 [INFO] Se encontraron 36 enlaces en https://frutascandil.com/tipos-de-manzanas
2025-01-02 14:04:40 [INFO] [HTTP] [301]https://frutascandil.com/la-historia-de-la-calabaza-de-halloween -> [200]https://frutascandil.com/la-historia-de-la-calabaza-de-halloween/, 153660 bytes
2025-01-02 14:04:40 [INFO] Se encontraron 36 enlaces en https://frutascandil.com/la-historia-de-la-calabaza-de-halloween
2025-01-02 14:04:40 [INFO] [HTTP] [301]https://frutascandil.com/dia-universal-del-nino-trucos-para-que-coman-fruta -> [200]https://frutascandil.com/dia-universal-del-nino-trucos-para-que-coman-fruta/, 153207 bytes
2025-01-02 14:04:40 [INFO] Se encontraron 36 enlaces en https://frutascandil.com/dia-universal-del-nino-trucos-para-que-coman-fruta
2025-01-02 14:04:40 [INFO] [HTTP] [301]https://frutascandil.com/las-tendencias-actuales-con-los-arandanos -> [200]https://frutascandil.com/las-tendencias-actuales-con-los-arandanos/, 153230 bytes
2025-01-02 14:04:40 [INFO] Se encontraron 36 enlaces en https://frutascandil.com/las-tendencias-actuales-con-los-arandanos
2025-01-02 14:04:41 [INFO] [HTTP] [301]https://frutascandil.com/bomba-de-vitamina-c -> [200]https://frutascandil.com/bomba-de-vitamina-c/, 152760 bytes
2025-01-02 14:04:41 [INFO] Se encontraron 36 enlaces en https://frutascandil.com/bomba-de-vitamina-c
2025-01-02 14:04:45 [INFO] [HTTP] [301]https://frutascandil.com/author/wp-admin/page/6 -> [200]https://frutascandil.com/author/wp-admin/page/6/, 179564 bytes
2025-01-02 14:04:45 [INFO] Se encontraron 88 enlaces en https://frutascandil.com/author/wp-admin/page/6
2025-01-02 14:04:45 [INFO] Rastreo completado en 188.48 seg.
2025-01-02 14:04:45 [INFO] Total de URLs visitadas: 167
2025-01-02 14:04:45 [INFO] Se registraron 167 enlaces con sus códigos de estado.
2025-01-02 14:04:45 [INFO] Guardado en frutascandil.com.csv
2025-01-02 14:11:21 [INFO] ========== INICIANDO RASTREO ==========
2025-01-02 14:11:21 [ERROR] [HTTP] Excepción con oclem.com: Invalid URL 'oclem.com': No scheme supplied. Perhaps you meant https://oclem.com?
2025-01-02 14:11:21 [INFO] Rastreo completado en 0.00 seg.
2025-01-02 14:11:21 [INFO] Total de URLs visitadas: 1
2025-01-02 14:11:21 [INFO] Se registraron 1 enlaces con sus códigos de estado.
2025-01-02 14:11:21 [INFO] Guardado en .csv
2025-01-02 14:11:46 [INFO] ========== INICIANDO RASTREO ==========
2025-01-02 14:11:50 [INFO] [HTTP] [301]https://oclem.com/ -> [200]https://www.oclem.com/, 358030 bytes
2025-01-02 14:11:50 [INFO] Se encontraron 243 enlaces en https://oclem.com
2025-01-02 14:11:56 [INFO] [HTTP] [301]https://oclem.com/clasificacion-empresarial -> [200]https://www.oclem.com/clasificacion-empresarial/, 316599 bytes
2025-01-02 14:11:56 [INFO] Se encontraron 227 enlaces en https://oclem.com/clasificacion-empresarial
2025-01-02 14:11:56 [INFO] [HTTP] [301]https://oclem.com/calidad/agenda-2030-sostenibilidad -> [200]https://www.oclem.com/calidad/agenda-2030-sostenibilidad/, 309815 bytes
2025-01-02 14:11:56 [INFO] Se encontraron 234 enlaces en https://oclem.com/calidad/agenda-2030-sostenibilidad
2025-01-02 14:11:56 [INFO] [HTTP] [301]https://oclem.com/gestion-licitaciones -> [200]https://www.oclem.com/gestion-licitaciones/, 339738 bytes
2025-01-02 14:11:56 [INFO] Se encontraron 229 enlaces en https://oclem.com/gestion-licitaciones
2025-01-02 14:11:56 [INFO] [HTTP] [301]https://oclem.com/calidad/seguridad-alimentaria -> [200]https://www.oclem.com/calidad/seguridad-alimentaria/, 317239 bytes
2025-01-02 14:11:56 [INFO] Se encontraron 237 enlaces en https://oclem.com/calidad/seguridad-alimentaria
2025-01-02 14:11:56 [INFO] [HTTP] [301]https://oclem.com/calidad/normas-iso -> [200]https://www.oclem.com/calidad/normas-iso/, 324056 bytes
2025-01-02 14:11:56 [INFO] Se encontraron 235 enlaces en https://oclem.com/calidad/normas-iso
2025-01-02 14:11:58 [INFO] [HTTP] [301]https://oclem.com/calidad/protocolo-de-acoso-laboral -> [200]https://www.oclem.com/calidad/protocolo-de-acoso-laboral/, 358060 bytes
2025-01-02 14:11:58 [INFO] Se encontraron 237 enlaces en https://oclem.com/calidad/protocolo-de-acoso-laboral
2025-01-02 14:11:59 [INFO] [HTTP] [301]https://oclem.com/juridico/derecho-mercantil-societario -> [200]https://www.oclem.com/juridico/derecho-mercantil-societario/, 311221 bytes
2025-01-02 14:11:59 [INFO] Se encontraron 240 enlaces en https://oclem.com/juridico/derecho-mercantil-societario
2025-01-02 14:11:59 [INFO] [HTTP] [301]https://oclem.com/calidad/lopd -> [200]https://www.oclem.com/calidad/lopd/, 313276 bytes
2025-01-02 14:11:59 [INFO] Se encontraron 235 enlaces en https://oclem.com/calidad/lopd
2025-01-02 14:12:02 [INFO] [HTTP] [301]https://oclem.com/juridico -> [301]https://oclem.com/juridico/derecho-mercantil-societario/ -> [200]https://www.oclem.com/juridico/derecho-mercantil-societario/, 311221 bytes
2025-01-02 14:12:02 [INFO] Se encontraron 240 enlaces en https://oclem.com/juridico
2025-01-02 14:12:02 [INFO] [HTTP] [301]https://oclem.com/calidad -> [301]https://oclem.com/calidad/normas-iso/ -> [200]https://www.oclem.com/calidad/normas-iso/, 324056 bytes
2025-01-02 14:12:03 [INFO] Se encontraron 235 enlaces en https://oclem.com/calidad
2025-01-02 14:12:04 [INFO] [HTTP] [301]https://oclem.com/juridico/derecho-civil -> [200]https://www.oclem.com/juridico/derecho-civil/, 309230 bytes
2025-01-02 14:12:04 [INFO] Se encontraron 240 enlaces en https://oclem.com/juridico/derecho-civil
2025-01-02 14:12:04 [INFO] [HTTP] [301]https://oclem.com/juridico/derecho-concursal -> [200]https://www.oclem.com/juridico/derecho-concursal/, 309185 bytes
2025-01-02 14:12:04 [INFO] Se encontraron 240 enlaces en https://oclem.com/juridico/derecho-concursal
2025-01-02 14:12:04 [INFO] [HTTP] [301]https://oclem.com/juridico/derecho-laboral -> [200]https://www.oclem.com/juridico/derecho-laboral/, 309288 bytes
2025-01-02 14:12:04 [INFO] Se encontraron 240 enlaces en https://oclem.com/juridico/derecho-laboral
2025-01-02 14:12:04 [INFO] [HTTP] [301]https://oclem.com/juridico/derecho-fiscal -> [200]https://www.oclem.com/juridico/derecho-fiscal/, 307741 bytes
2025-01-02 14:12:04 [INFO] Se encontraron 240 enlaces en https://oclem.com/juridico/derecho-fiscal
2025-01-02 14:12:05 [INFO] [HTTP] [301]https://oclem.com/juridico/derecho-internacional -> [200]https://www.oclem.com/juridico/derecho-internacional/, 309655 bytes
2025-01-02 14:12:05 [INFO] Se encontraron 240 enlaces en https://oclem.com/juridico/derecho-internacional
2025-01-02 14:12:07 [INFO] [HTTP] [301]https://oclem.com/juridico/propiedad-intelectual -> [200]https://www.oclem.com/juridico/propiedad-intelectual/, 308367 bytes
2025-01-02 14:12:07 [INFO] Se encontraron 240 enlaces en https://oclem.com/juridico/propiedad-intelectual
2025-01-02 14:12:07 [INFO] [HTTP] [301]https://oclem.com/juridico/derecho-penal -> [200]https://www.oclem.com/juridico/derecho-penal/, 306824 bytes
2025-01-02 14:12:07 [INFO] Se encontraron 240 enlaces en https://oclem.com/juridico/derecho-penal
2025-01-02 14:12:10 [INFO] [HTTP] [301]https://oclem.com/gestoria -> [301]https://oclem.com/gestoria/auditorias/ -> [200]https://www.oclem.com/gestoria/auditorias/, 317229 bytes
2025-01-02 14:12:10 [INFO] Se encontraron 234 enlaces en https://oclem.com/gestoria
2025-01-02 14:12:10 [INFO] [HTTP] [301]https://oclem.com/gestoria/auditorias -> [200]https://www.oclem.com/gestoria/auditorias/, 317229 bytes
2025-01-02 14:12:10 [INFO] Se encontraron 234 enlaces en https://oclem.com/gestoria/auditorias
2025-01-02 14:12:11 [INFO] [HTTP] [301]https://oclem.com/gestoria/gestoria-contabilidad -> [200]https://www.oclem.com/gestoria/gestoria-contabilidad/, 314815 bytes
2025-01-02 14:12:11 [INFO] Se encontraron 234 enlaces en https://oclem.com/gestoria/gestoria-contabilidad
2025-01-02 14:12:12 [INFO] [HTTP] [301]https://oclem.com/gestoria/gestoria-fiscal -> [200]https://www.oclem.com/gestoria/gestoria-fiscal/, 312809 bytes
2025-01-02 14:12:12 [INFO] Se encontraron 234 enlaces en https://oclem.com/gestoria/gestoria-fiscal
2025-01-02 14:12:13 [INFO] [HTTP] [301]https://oclem.com/impagados -> [200]https://www.oclem.com/impagados/, 298168 bytes
2025-01-02 14:12:13 [INFO] Se encontraron 224 enlaces en https://oclem.com/impagados
2025-01-02 14:12:13 [INFO] [HTTP] [301]https://oclem.com/gestoria/gestoria-laboral -> [200]https://www.oclem.com/gestoria/gestoria-laboral/, 313196 bytes
2025-01-02 14:12:13 [INFO] Se encontraron 234 enlaces en https://oclem.com/gestoria/gestoria-laboral
2025-01-02 14:12:13 [INFO] [HTTP] [301]https://oclem.com/gestoria/gestoria-mercantil -> [200]https://www.oclem.com/gestoria/gestoria-mercantil/, 314510 bytes
2025-01-02 14:12:13 [INFO] Se encontraron 234 enlaces en https://oclem.com/gestoria/gestoria-mercantil
2025-01-02 14:12:13 [INFO] [HTTP] [301]https://oclem.com/formacion -> [200]https://www.oclem.com/formacion/, 311078 bytes
2025-01-02 14:12:14 [INFO] Se encontraron 233 enlaces en https://oclem.com/formacion
2025-01-02 14:12:15 [INFO] [HTTP] [301]https://oclem.com/formacion/cursos-presenciales -> [200]https://www.oclem.com/formacion/cursos-presenciales/, 308342 bytes
2025-01-02 14:12:15 [INFO] Se encontraron 232 enlaces en https://oclem.com/formacion/cursos-presenciales
2025-01-02 14:12:15 [INFO] [HTTP] [301]https://oclem.com/formacion/cursos-online -> [200]https://www.oclem.com/formacion/cursos-online/, 332584 bytes
2025-01-02 14:12:15 [INFO] Se encontraron 233 enlaces en https://oclem.com/formacion/cursos-online
2025-01-02 14:12:18 [INFO] [HTTP] [301]https://oclem.com/mercamadrid -> [200]https://www.oclem.com/mercamadrid/, 304868 bytes
2025-01-02 14:12:18 [INFO] Se encontraron 225 enlaces en https://oclem.com/mercamadrid
2025-01-02 14:12:19 [INFO] [HTTP] [301]https://oclem.com/expansion-comercial -> [200]https://www.oclem.com/expansion-comercial/, 300740 bytes
2025-01-02 14:12:19 [INFO] Se encontraron 223 enlaces en https://oclem.com/expansion-comercial
2025-01-02 14:12:19 [INFO] [HTTP] [301]https://oclem.com/formacion/prevencion-de-riesgos-laborales -> [200]https://www.oclem.com/formacion/prevencion-de-riesgos-laborales/, 306988 bytes
2025-01-02 14:12:20 [INFO] Se encontraron 232 enlaces en https://oclem.com/formacion/prevencion-de-riesgos-laborales
2025-01-02 14:12:20 [INFO] [HTTP] [301]https://oclem.com/contacto -> [200]https://www.oclem.com/contacto/, 298514 bytes
2025-01-02 14:12:20 [INFO] Se encontraron 224 enlaces en https://oclem.com/contacto
2025-01-02 14:12:21 [INFO] [HTTP] [301]https://oclem.com/blog/calidad/enigm-seguridad-iso -> [200]https://www.oclem.com/blog/calidad/enigm-seguridad-iso/, 303123 bytes
2025-01-02 14:12:21 [INFO] Se encontraron 237 enlaces en https://oclem.com/blog/calidad/enigm-seguridad-iso
2025-01-02 14:12:21 [INFO] [HTTP] [301]https://oclem.com/blog/gestoria/celebraciones-madrid-2025 -> [200]https://www.oclem.com/blog/gestoria/celebraciones-madrid-2025/, 301713 bytes
2025-01-02 14:12:21 [INFO] Se encontraron 239 enlaces en https://oclem.com/blog/gestoria/celebraciones-madrid-2025
2025-01-02 14:12:22 [INFO] [HTTP] [301]https://oclem.com/blog/expansion/mercadona-salarios-aumentan -> [200]https://www.oclem.com/blog/expansion/mercadona-salarios-aumentan/, 302221 bytes
2025-01-02 14:12:22 [INFO] Se encontraron 233 enlaces en https://oclem.com/blog/expansion/mercadona-salarios-aumentan
2025-01-02 14:12:22 [INFO] [HTTP] [301]https://oclem.com/blog/juridico/submarino-resistencia-juridica -> [200]https://www.oclem.com/blog/juridico/submarino-resistencia-juridica/, 301920 bytes
2025-01-02 14:12:22 [INFO] Se encontraron 239 enlaces en https://oclem.com/blog/juridico/submarino-resistencia-juridica
2025-01-02 14:12:23 [INFO] [HTTP] [301]https://oclem.com/blog/calidad/matilda-disculpa-acoso -> [200]https://www.oclem.com/blog/calidad/matilda-disculpa-acoso/, 303114 bytes
2025-01-02 14:12:23 [INFO] Se encontraron 232 enlaces en https://oclem.com/blog/calidad/matilda-disculpa-acoso
2025-01-02 14:12:23 [INFO] [HTTP] [301]https://oclem.com/blog/mercamadrid/concurso-cocina-mar -> [200]https://www.oclem.com/blog/mercamadrid/concurso-cocina-mar/, 303023 bytes
2025-01-02 14:12:23 [INFO] Se encontraron 234 enlaces en https://oclem.com/blog/mercamadrid/concurso-cocina-mar
2025-01-02 14:12:26 [INFO] [HTTP] [301]https://oclem.com/aviso-legal -> [200]https://www.oclem.com/aviso-legal/, 267404 bytes
2025-01-02 14:12:26 [INFO] Se encontraron 216 enlaces en https://oclem.com/aviso-legal
2025-01-02 14:12:26 [INFO] [HTTP] [301]https://oclem.com/category/blog -> [200]https://www.oclem.com/category/blog/, 278784 bytes
2025-01-02 14:12:26 [INFO] Se encontraron 240 enlaces en https://oclem.com/category/blog
2025-01-02 14:12:26 [INFO] [HTTP] [301]https://oclem.com/politica-cookies -> [200]https://www.oclem.com/politica-cookies/, 236330 bytes
2025-01-02 14:12:26 [INFO] Se encontraron 216 enlaces en https://oclem.com/politica-cookies
2025-01-02 14:12:26 [INFO] [HTTP] https://oclem.com/wp-content/uploads/2024/04/Dossier-informativo-CALIDAD.pdf => [200] (sin redirecciones), 909138 bytes
2025-01-02 14:12:32 [INFO] [HTTP] [301]https://oclem.com/gestion-licitaciones/plataforma-de-licitaciones -> [200]https://www.oclem.com/gestion-licitaciones/plataforma-de-licitaciones/, 329506 bytes
2025-01-02 14:12:32 [INFO] Se encontraron 229 enlaces en https://oclem.com/gestion-licitaciones/plataforma-de-licitaciones
2025-01-02 14:12:32 [INFO] [HTTP] [301]https://oclem.com/calidad/seguridad-alimentaria/brc-food -> [200]https://www.oclem.com/calidad/seguridad-alimentaria/brc-food/, 266356 bytes
2025-01-02 14:12:32 [INFO] Se encontraron 217 enlaces en https://oclem.com/calidad/seguridad-alimentaria/brc-food
2025-01-02 14:12:32 [INFO] [HTTP] [301]https://oclem.com/calidad/seguridad-alimentaria/iso-22000-2018 -> [200]https://www.oclem.com/calidad/seguridad-alimentaria/iso-22000-2018/, 266975 bytes
2025-01-02 14:12:32 [INFO] Se encontraron 217 enlaces en https://oclem.com/calidad/seguridad-alimentaria/iso-22000-2018
2025-01-02 14:12:32 [INFO] [HTTP] [301]https://oclem.com/glosario-concurso-publico -> [200]https://www.oclem.com/glosario-concurso-publico/, 315615 bytes
2025-01-02 14:12:32 [INFO] Se encontraron 220 enlaces en https://oclem.com/glosario-concurso-publico
2025-01-02 14:12:34 [INFO] [HTTP] [301]https://oclem.com/calidad/seguridad-alimentaria/ifs-version-8 -> [200]https://www.oclem.com/calidad/seguridad-alimentaria/ifs-version-8/, 267045 bytes
2025-01-02 14:12:34 [INFO] Se encontraron 217 enlaces en https://oclem.com/calidad/seguridad-alimentaria/ifs-version-8
2025-01-02 14:12:34 [INFO] [HTTP] [301]https://oclem.com/clasificacion-empresarial/ampliacion-de-clasificacion-empresarial -> [200]https://www.oclem.com/clasificacion-empresarial/ampliacion-de-clasificacion-empresarial/, 307573 bytes
2025-01-02 14:12:34 [INFO] Se encontraron 228 enlaces en https://oclem.com/clasificacion-empresarial/ampliacion-de-clasificacion-empresarial
2025-01-02 14:12:35 [INFO] [HTTP] [301]https://oclem.com/category/blog/expansion -> [200]https://www.oclem.com/category/blog/expansion/, 279222 bytes
2025-01-02 14:12:35 [INFO] Se encontraron 240 enlaces en https://oclem.com/category/blog/expansion
2025-01-02 14:12:35 [INFO] [HTTP] [301]https://oclem.com/category/blog/gestoria -> [200]https://www.oclem.com/category/blog/gestoria/, 279125 bytes
2025-01-02 14:12:35 [INFO] Se encontraron 240 enlaces en https://oclem.com/category/blog/gestoria
2025-01-02 14:12:35 [INFO] [HTTP] [301]https://oclem.com/category/blog/calidad -> [200]https://www.oclem.com/category/blog/calidad/, 278800 bytes
2025-01-02 14:12:35 [INFO] Se encontraron 240 enlaces en https://oclem.com/category/blog/calidad
2025-01-02 14:12:37 [INFO] [HTTP] [301]https://oclem.com/category/blog/juridico -> [200]https://www.oclem.com/category/blog/juridico/, 279041 bytes
2025-01-02 14:12:37 [INFO] Se encontraron 240 enlaces en https://oclem.com/category/blog/juridico
2025-01-02 14:12:40 [INFO] [HTTP] [301]https://oclem.com/blog/juridico/conflictos-legales-navidad -> [200]https://www.oclem.com/blog/juridico/conflictos-legales-navidad/, 302840 bytes
2025-01-02 14:12:40 [INFO] Se encontraron 233 enlaces en https://oclem.com/blog/juridico/conflictos-legales-navidad
2025-01-02 14:12:40 [INFO] [HTTP] [301]https://oclem.com/blog/expansion/realty-carrefour-espana -> [200]https://www.oclem.com/blog/expansion/realty-carrefour-espana/, 303405 bytes
2025-01-02 14:12:40 [INFO] Se encontraron 233 enlaces en https://oclem.com/blog/expansion/realty-carrefour-espana
2025-01-02 14:12:40 [INFO] [HTTP] [301]https://oclem.com/category/blog/mercamadrid -> [200]https://www.oclem.com/category/blog/mercamadrid/, 279045 bytes
2025-01-02 14:12:40 [INFO] Se encontraron 240 enlaces en https://oclem.com/category/blog/mercamadrid
2025-01-02 14:12:41 [INFO] [HTTP] [301]https://oclem.com/blog/calidad/gestionar-normas-iso -> [200]https://www.oclem.com/blog/calidad/gestionar-normas-iso/, 302558 bytes
2025-01-02 14:12:41 [INFO] Se encontraron 235 enlaces en https://oclem.com/blog/calidad/gestionar-normas-iso
2025-01-02 14:12:43 [INFO] [HTTP] [301]https://oclem.com/category/blog/page/2 -> [200]https://www.oclem.com/category/blog/page/2/, 278871 bytes
2025-01-02 14:12:43 [INFO] Se encontraron 242 enlaces en https://oclem.com/category/blog/page/2
2025-01-02 14:12:43 [INFO] [HTTP] [301]https://oclem.com/category/blog/page/3 -> [200]https://www.oclem.com/category/blog/page/3/, 279090 bytes
2025-01-02 14:12:43 [INFO] Se encontraron 242 enlaces en https://oclem.com/category/blog/page/3
2025-01-02 14:12:43 [INFO] [HTTP] [301]https://oclem.com/category/blog/page/5 -> [200]https://www.oclem.com/category/blog/page/5/, 278994 bytes
2025-01-02 14:12:43 [INFO] Se encontraron 241 enlaces en https://oclem.com/category/blog/page/5
2025-01-02 14:12:43 [INFO] [HTTP] [301]https://oclem.com/category/blog/page/4 -> [200]https://www.oclem.com/category/blog/page/4/, 278979 bytes
2025-01-02 14:12:44 [INFO] Se encontraron 242 enlaces en https://oclem.com/category/blog/page/4
2025-01-02 14:12:49 [INFO] [HTTP] [301]https://oclem.com/category/blog/expansion/page/3 -> [404]https://www.oclem.com/category/blog/expansion/page/3, 237720 bytes
2025-01-02 14:12:49 [INFO] Se encontraron 217 enlaces en https://oclem.com/category/blog/expansion/page/3
2025-01-02 14:12:49 [INFO] [HTTP] [301]https://oclem.com/category/blog/expansion/page/4 -> [404]https://www.oclem.com/category/blog/expansion/page/4, 237720 bytes
2025-01-02 14:12:49 [INFO] Se encontraron 217 enlaces en https://oclem.com/category/blog/expansion/page/4
2025-01-02 14:12:49 [INFO] [HTTP] [301]https://oclem.com/category/blog/expansion/page/5 -> [404]https://www.oclem.com/category/blog/expansion/page/5, 237720 bytes
2025-01-02 14:12:49 [INFO] Se encontraron 217 enlaces en https://oclem.com/category/blog/expansion/page/5
2025-01-02 14:12:49 [INFO] [HTTP] [301]https://oclem.com/category/blog/gestoria/page/5 -> [404]https://www.oclem.com/category/blog/gestoria/page/5, 237720 bytes
2025-01-02 14:12:49 [INFO] Se encontraron 217 enlaces en https://oclem.com/category/blog/gestoria/page/5
2025-01-02 14:12:49 [INFO] [HTTP] [301]https://oclem.com/category/blog/gestoria/page/2 -> [200]https://www.oclem.com/category/blog/gestoria/page/2/, 279279 bytes
2025-01-02 14:12:49 [INFO] Se encontraron 242 enlaces en https://oclem.com/category/blog/gestoria/page/2
2025-01-02 14:12:52 [INFO] [HTTP] [301]https://oclem.com/category/blog/gestoria/page/3 -> [404]https://www.oclem.com/category/blog/gestoria/page/3, 237720 bytes
2025-01-02 14:12:52 [INFO] Se encontraron 217 enlaces en https://oclem.com/category/blog/gestoria/page/3
2025-01-02 14:12:52 [INFO] [HTTP] [301]https://oclem.com/category/blog/calidad/page/2 -> [200]https://www.oclem.com/category/blog/calidad/page/2/, 278878 bytes
2025-01-02 14:12:52 [INFO] Se encontraron 242 enlaces en https://oclem.com/category/blog/calidad/page/2
2025-01-02 14:12:52 [INFO] [HTTP] [301]https://oclem.com/category/blog/calidad/page/3 -> [200]https://www.oclem.com/category/blog/calidad/page/3/, 279018 bytes
2025-01-02 14:12:52 [INFO] Se encontraron 242 enlaces en https://oclem.com/category/blog/calidad/page/3
2025-01-02 14:12:52 [INFO] [HTTP] [301]https://oclem.com/category/blog/expansion/page/2 -> [200]https://www.oclem.com/category/blog/expansion/page/2/, 279378 bytes
2025-01-02 14:12:52 [INFO] Se encontraron 242 enlaces en https://oclem.com/category/blog/expansion/page/2
2025-01-02 14:12:54 [INFO] [HTTP] [301]https://oclem.com/category/blog/gestoria/page/4 -> [404]https://www.oclem.com/category/blog/gestoria/page/4, 237720 bytes
2025-01-02 14:12:54 [INFO] Se encontraron 217 enlaces en https://oclem.com/category/blog/gestoria/page/4
2025-01-02 14:12:57 [INFO] [HTTP] [301]https://oclem.com/category/blog/calidad/page/4 -> [404]https://www.oclem.com/category/blog/calidad/page/4, 237720 bytes
2025-01-02 14:12:57 [INFO] Se encontraron 217 enlaces en https://oclem.com/category/blog/calidad/page/4
2025-01-02 14:12:57 [INFO] [HTTP] [301]https://oclem.com/category/blog/calidad/page/5 -> [404]https://www.oclem.com/category/blog/calidad/page/5, 237720 bytes
2025-01-02 14:12:57 [INFO] Se encontraron 217 enlaces en https://oclem.com/category/blog/calidad/page/5
2025-01-02 14:12:58 [INFO] [HTTP] [301]https://oclem.com/category/blog/juridico/page/2 -> [200]https://www.oclem.com/category/blog/juridico/page/2/, 279275 bytes
2025-01-02 14:12:58 [INFO] Se encontraron 242 enlaces en https://oclem.com/category/blog/juridico/page/2
2025-01-02 14:12:58 [INFO] [HTTP] [301]https://oclem.com/category/blog/juridico/page/3 -> [200]https://www.oclem.com/category/blog/juridico/page/3/, 279494 bytes
2025-01-02 14:12:58 [INFO] Se encontraron 242 enlaces en https://oclem.com/category/blog/juridico/page/3
2025-01-02 14:13:00 [INFO] [HTTP] [301]https://oclem.com/category/blog/juridico/page/4 -> [200]https://www.oclem.com/category/blog/juridico/page/4/, 279383 bytes
2025-01-02 14:13:00 [INFO] Se encontraron 242 enlaces en https://oclem.com/category/blog/juridico/page/4
2025-01-02 14:13:00 [INFO] [HTTP] [301]https://oclem.com/category/blog/mercamadrid/page/3 -> [404]https://www.oclem.com/category/blog/mercamadrid/page/3, 237720 bytes
2025-01-02 14:13:01 [INFO] Se encontraron 217 enlaces en https://oclem.com/category/blog/mercamadrid/page/3
2025-01-02 14:13:01 [INFO] [HTTP] [301]https://oclem.com/category/blog/mercamadrid/page/4 -> [404]https://www.oclem.com/category/blog/mercamadrid/page/4, 237720 bytes
2025-01-02 14:13:01 [INFO] Se encontraron 217 enlaces en https://oclem.com/category/blog/mercamadrid/page/4
2025-01-02 14:13:01 [INFO] [HTTP] [301]https://oclem.com/category/blog/juridico/page/5 -> [200]https://www.oclem.com/category/blog/juridico/page/5/, 279156 bytes
2025-01-02 14:13:01 [INFO] Se encontraron 241 enlaces en https://oclem.com/category/blog/juridico/page/5
2025-01-02 14:13:01 [INFO] [HTTP] [301]https://oclem.com/category/blog/mercamadrid/page/2 -> [200]https://www.oclem.com/category/blog/mercamadrid/page/2/, 279052 bytes
2025-01-02 14:13:01 [INFO] Se encontraron 242 enlaces en https://oclem.com/category/blog/mercamadrid/page/2
2025-01-02 14:13:04 [INFO] [HTTP] [301]https://oclem.com/category/blog/mercamadrid/page/5 -> [404]https://www.oclem.com/category/blog/mercamadrid/page/5, 237720 bytes
2025-01-02 14:13:04 [INFO] Se encontraron 217 enlaces en https://oclem.com/category/blog/mercamadrid/page/5
2025-01-02 14:13:06 [INFO] [HTTP] [301]https://oclem.com/blog/licitaciones/aumento-salarial-clave -> [200]https://www.oclem.com/blog/licitaciones/aumento-salarial-clave/, 303361 bytes
2025-01-02 14:13:06 [INFO] Se encontraron 235 enlaces en https://oclem.com/blog/licitaciones/aumento-salarial-clave
2025-01-02 14:13:06 [INFO] [HTTP] [301]https://oclem.com/blog/calidad/unidas-contra-acoso -> [200]https://www.oclem.com/blog/calidad/unidas-contra-acoso/, 302368 bytes
2025-01-02 14:13:06 [INFO] Se encontraron 233 enlaces en https://oclem.com/blog/calidad/unidas-contra-acoso
2025-01-02 14:13:06 [INFO] [HTTP] [301]https://oclem.com/blog/expansion/eroski-beneficios-caen -> [200]https://www.oclem.com/blog/expansion/eroski-beneficios-caen/, 303856 bytes
2025-01-02 14:13:06 [INFO] Se encontraron 233 enlaces en https://oclem.com/blog/expansion/eroski-beneficios-caen
2025-01-02 14:13:07 [INFO] [HTTP] [301]https://oclem.com/blog/juridico/vacio-legal-denunciante -> [200]https://www.oclem.com/blog/juridico/vacio-legal-denunciante/, 303275 bytes
2025-01-02 14:13:07 [INFO] Se encontraron 236 enlaces en https://oclem.com/blog/juridico/vacio-legal-denunciante
2025-01-02 14:13:07 [INFO] [HTTP] [301]https://oclem.com/blog/gestoria/fiscales-danos-dana -> [200]https://www.oclem.com/blog/gestoria/fiscales-danos-dana/, 303198 bytes
2025-01-02 14:13:07 [INFO] Se encontraron 235 enlaces en https://oclem.com/blog/gestoria/fiscales-danos-dana
2025-01-02 14:13:09 [INFO] [HTTP] [301]https://oclem.com/blog/expansion/inditex-argelia-stock -> [200]https://www.oclem.com/blog/expansion/inditex-argelia-stock/, 302356 bytes
2025-01-02 14:13:09 [INFO] Se encontraron 233 enlaces en https://oclem.com/blog/expansion/inditex-argelia-stock
2025-01-02 14:13:09 [INFO] [HTTP] [301]https://oclem.com/blog/juridico/actualizacion-reglamento-extranjeria -> [200]https://www.oclem.com/blog/juridico/actualizacion-reglamento-extranjeria/, 303001 bytes
2025-01-02 14:13:09 [INFO] Se encontraron 232 enlaces en https://oclem.com/blog/juridico/actualizacion-reglamento-extranjeria
2025-01-02 14:13:10 [INFO] [HTTP] [301]https://oclem.com/blog/juridico/granada-capital-judicial -> [200]https://www.oclem.com/blog/juridico/granada-capital-judicial/, 302306 bytes
2025-01-02 14:13:10 [INFO] Se encontraron 235 enlaces en https://oclem.com/blog/juridico/granada-capital-judicial
2025-01-02 14:13:11 [INFO] [HTTP] [301]https://oclem.com/blog/calidad/iso-27001-seguridad-2 -> [200]https://www.oclem.com/blog/calidad/iso-27001-seguridad-2/, 302975 bytes
2025-01-02 14:13:11 [INFO] Se encontraron 235 enlaces en https://oclem.com/blog/calidad/iso-27001-seguridad-2
2025-01-02 14:13:13 [INFO] [HTTP] [301]https://oclem.com/blog/licitaciones/ajuste-puntuacion-final -> [200]https://www.oclem.com/blog/licitaciones/ajuste-puntuacion-final/, 303372 bytes
2025-01-02 14:13:13 [INFO] Se encontraron 236 enlaces en https://oclem.com/blog/licitaciones/ajuste-puntuacion-final
2025-01-02 14:13:14 [INFO] [HTTP] [301]https://oclem.com/blog/expansion/vende-almacen-mercadona -> [200]https://www.oclem.com/blog/expansion/vende-almacen-mercadona/, 302304 bytes
2025-01-02 14:13:14 [INFO] Se encontraron 232 enlaces en https://oclem.com/blog/expansion/vende-almacen-mercadona
2025-01-02 14:13:14 [INFO] [HTTP] [301]https://oclem.com/blog/juridico/propiedad-industrial-intelectual -> [200]https://www.oclem.com/blog/juridico/propiedad-industrial-intelectual/, 303445 bytes
2025-01-02 14:13:14 [INFO] Se encontraron 234 enlaces en https://oclem.com/blog/juridico/propiedad-industrial-intelectual
2025-01-02 14:13:15 [INFO] [HTTP] [301]https://oclem.com/blog/juridico/imputado-alcalde-injurias -> [200]https://www.oclem.com/blog/juridico/imputado-alcalde-injurias/, 303843 bytes
2025-01-02 14:13:15 [INFO] Se encontraron 236 enlaces en https://oclem.com/blog/juridico/imputado-alcalde-injurias
2025-01-02 14:13:17 [INFO] [HTTP] [301]https://oclem.com/blog/licitaciones/exclusion-compensacion-oportunidad -> [200]https://www.oclem.com/blog/licitaciones/exclusion-compensacion-oportunidad/, 303321 bytes
2025-01-02 14:13:17 [INFO] Se encontraron 235 enlaces en https://oclem.com/blog/licitaciones/exclusion-compensacion-oportunidad
2025-01-02 14:13:17 [INFO] [HTTP] [301]https://oclem.com/blog/gestoria/iva-vehiculos-empresa -> [200]https://www.oclem.com/blog/gestoria/iva-vehiculos-empresa/, 303152 bytes
2025-01-02 14:13:17 [INFO] Se encontraron 238 enlaces en https://oclem.com/blog/gestoria/iva-vehiculos-empresa
2025-01-02 14:13:18 [INFO] [HTTP] [301]https://oclem.com/blog/juridico/derecho-autor-proteccion -> [200]https://www.oclem.com/blog/juridico/derecho-autor-proteccion/, 303088 bytes
2025-01-02 14:13:18 [INFO] Se encontraron 233 enlaces en https://oclem.com/blog/juridico/derecho-autor-proteccion
2025-01-02 14:13:18 [INFO] [HTTP] [301]https://oclem.com/blog/expansion/exito-belleza-premium -> [200]https://www.oclem.com/blog/expansion/exito-belleza-premium/, 303700 bytes
2025-01-02 14:13:18 [INFO] Se encontraron 234 enlaces en https://oclem.com/blog/expansion/exito-belleza-premium
2025-01-02 14:13:20 [INFO] [HTTP] [301]https://oclem.com/blog/licitaciones/fecha-limite-propuestas -> [200]https://www.oclem.com/blog/licitaciones/fecha-limite-propuestas/, 304513 bytes
2025-01-02 14:13:20 [INFO] Se encontraron 237 enlaces en https://oclem.com/blog/licitaciones/fecha-limite-propuestas
2025-01-02 14:13:20 [INFO] [HTTP] [301]https://oclem.com/blog/juridico/aseguradoras-mugeju-crisis -> [200]https://www.oclem.com/blog/juridico/aseguradoras-mugeju-crisis/, 302311 bytes
2025-01-02 14:13:20 [INFO] Se encontraron 233 enlaces en https://oclem.com/blog/juridico/aseguradoras-mugeju-crisis
2025-01-02 14:13:23 [INFO] [HTTP] [301]https://oclem.com/blog/gestoria/normativa-facturacion-verifactu -> [200]https://www.oclem.com/blog/gestoria/normativa-facturacion-verifactu/, 303240 bytes
2025-01-02 14:13:23 [INFO] Se encontraron 237 enlaces en https://oclem.com/blog/gestoria/normativa-facturacion-verifactu
2025-01-02 14:13:23 [INFO] [HTTP] [301]https://oclem.com/blog/juridico/responsabilidad-civil-catastrofes -> [200]https://www.oclem.com/blog/juridico/responsabilidad-civil-catastrofes/, 305314 bytes
2025-01-02 14:13:23 [INFO] Se encontraron 233 enlaces en https://oclem.com/blog/juridico/responsabilidad-civil-catastrofes
2025-01-02 14:13:23 [INFO] [HTTP] [301]https://oclem.com/blog/expansion/empresarios-desaparecidos -> [200]https://www.oclem.com/blog/expansion/empresarios-desaparecidos/, 303631 bytes
2025-01-02 14:13:23 [INFO] Se encontraron 235 enlaces en https://oclem.com/blog/expansion/empresarios-desaparecidos
2025-01-02 14:13:23 [INFO] [HTTP] [301]https://oclem.com/blog/licitaciones/maquetas-digitales-obras -> [200]https://www.oclem.com/blog/licitaciones/maquetas-digitales-obras/, 306059 bytes
2025-01-02 14:13:23 [INFO] Se encontraron 241 enlaces en https://oclem.com/blog/licitaciones/maquetas-digitales-obras
2025-01-02 14:13:25 [INFO] [HTTP] [301]https://oclem.com/blog/juridico/archivar-causa-garcia-ortiz -> [200]https://www.oclem.com/blog/juridico/archivar-causa-garcia-ortiz/, 304359 bytes
2025-01-02 14:13:25 [INFO] Se encontraron 240 enlaces en https://oclem.com/blog/juridico/archivar-causa-garcia-ortiz
2025-01-02 14:13:26 [INFO] [HTTP] [301]https://oclem.com/blog/mercamadrid/visita-estudiantes-mercamadrid -> [200]https://www.oclem.com/blog/mercamadrid/visita-estudiantes-mercamadrid/, 304028 bytes
2025-01-02 14:13:26 [INFO] Se encontraron 237 enlaces en https://oclem.com/blog/mercamadrid/visita-estudiantes-mercamadrid
2025-01-02 14:13:26 [INFO] [HTTP] [301]https://oclem.com/blog/juridico/salario-abogado-farmaceutico -> [200]https://www.oclem.com/blog/juridico/salario-abogado-farmaceutico/, 303587 bytes
2025-01-02 14:13:26 [INFO] Se encontraron 232 enlaces en https://oclem.com/blog/juridico/salario-abogado-farmaceutico
2025-01-02 14:13:27 [INFO] [HTTP] [301]https://oclem.com/blog/formacion/desokupa-entrenamiento-policias -> [200]https://www.oclem.com/blog/formacion/desokupa-entrenamiento-policias/, 303835 bytes
2025-01-02 14:13:27 [INFO] Se encontraron 235 enlaces en https://oclem.com/blog/formacion/desokupa-entrenamiento-policias
2025-01-02 14:13:28 [INFO] [HTTP] [301]https://oclem.com/blog/gestoria/cantidades-aseguramiento-constructoras -> [200]https://www.oclem.com/blog/gestoria/cantidades-aseguramiento-constructoras/, 304142 bytes
2025-01-02 14:13:28 [INFO] Se encontraron 236 enlaces en https://oclem.com/blog/gestoria/cantidades-aseguramiento-constructoras
2025-01-02 14:13:29 [INFO] [HTTP] [301]https://oclem.com/blog/juridico/funciones-oepm -> [200]https://www.oclem.com/blog/juridico/funciones-oepm/, 305311 bytes
2025-01-02 14:13:29 [INFO] Se encontraron 236 enlaces en https://oclem.com/blog/juridico/funciones-oepm
2025-01-02 14:13:31 [INFO] [HTTP] [301]https://oclem.com/blog/juridico/triunfo-derecho-convivencia -> [200]https://www.oclem.com/blog/juridico/triunfo-derecho-convivencia/, 303975 bytes
2025-01-02 14:13:31 [INFO] Se encontraron 238 enlaces en https://oclem.com/blog/juridico/triunfo-derecho-convivencia
2025-01-02 14:13:31 [INFO] [HTTP] [301]https://oclem.com/blog/expansion/corte-ingles-beneficios -> [200]https://www.oclem.com/blog/expansion/corte-ingles-beneficios/, 305464 bytes
2025-01-02 14:13:31 [INFO] Se encontraron 234 enlaces en https://oclem.com/blog/expansion/corte-ingles-beneficios
2025-01-02 14:13:31 [INFO] [HTTP] [301]https://oclem.com/blog/mercamadrid/afectados-dana-mercamadrid -> [200]https://www.oclem.com/blog/mercamadrid/afectados-dana-mercamadrid/, 302578 bytes
2025-01-02 14:13:31 [INFO] Se encontraron 234 enlaces en https://oclem.com/blog/mercamadrid/afectados-dana-mercamadrid
2025-01-02 14:13:32 [INFO] [HTTP] [301]https://oclem.com/blog/juridico/cotizacion-seguridad-social -> [200]https://www.oclem.com/blog/juridico/cotizacion-seguridad-social/, 304151 bytes
2025-01-02 14:13:32 [INFO] Se encontraron 235 enlaces en https://oclem.com/blog/juridico/cotizacion-seguridad-social
2025-01-02 14:13:32 [INFO] [HTTP] [301]https://oclem.com/blog/expansion/logista-adquisicion-transporte -> [200]https://www.oclem.com/blog/expansion/logista-adquisicion-transporte/, 305167 bytes
2025-01-02 14:13:32 [INFO] Se encontraron 236 enlaces en https://oclem.com/blog/expansion/logista-adquisicion-transporte
2025-01-02 14:13:33 [INFO] [HTTP] [301]https://oclem.com/blog/juridico/nueva-jueza-decana -> [200]https://www.oclem.com/blog/juridico/nueva-jueza-decana/, 302218 bytes
2025-01-02 14:13:33 [INFO] Se encontraron 238 enlaces en https://oclem.com/blog/juridico/nueva-jueza-decana
2025-01-02 14:13:34 [INFO] [HTTP] [301]https://oclem.com/blog/calidad/iso-27001-seguridad -> [200]https://www.oclem.com/blog/calidad/iso-27001-seguridad/, 303990 bytes
2025-01-02 14:13:34 [INFO] Se encontraron 237 enlaces en https://oclem.com/blog/calidad/iso-27001-seguridad
2025-01-02 14:13:38 [INFO] [HTTP] [301]https://oclem.com/blog/licitaciones/consultoria-de-licitaciones-publicas-espana -> [200]https://www.oclem.com/blog/licitaciones/consultoria-de-licitaciones-publicas-espana/, 313507 bytes
2025-01-02 14:13:38 [INFO] Se encontraron 241 enlaces en https://oclem.com/blog/licitaciones/consultoria-de-licitaciones-publicas-espana
2025-01-02 14:13:39 [INFO] [HTTP] [301]https://oclem.com/category/blog/licitaciones -> [200]https://www.oclem.com/category/blog/licitaciones/, 279263 bytes
2025-01-02 14:13:39 [INFO] Se encontraron 240 enlaces en https://oclem.com/category/blog/licitaciones
2025-01-02 14:13:39 [INFO] [HTTP] [301]https://oclem.com/category/blog/formacion -> [200]https://www.oclem.com/category/blog/formacion/, 279522 bytes
2025-01-02 14:13:39 [INFO] Se encontraron 240 enlaces en https://oclem.com/category/blog/formacion
2025-01-02 14:13:43 [INFO] [HTTP] [301]https://oclem.com/category/blog/licitaciones/page/4 -> [404]https://www.oclem.com/category/blog/licitaciones/page/4, 237720 bytes
2025-01-02 14:13:43 [INFO] Se encontraron 217 enlaces en https://oclem.com/category/blog/licitaciones/page/4
2025-01-02 14:13:44 [INFO] [HTTP] [301]https://oclem.com/category/blog/formacion/page/3 -> [404]https://www.oclem.com/category/blog/formacion/page/3, 237720 bytes
2025-01-02 14:13:44 [INFO] Se encontraron 217 enlaces en https://oclem.com/category/blog/formacion/page/3
2025-01-02 14:13:44 [INFO] [HTTP] [301]https://oclem.com/category/blog/formacion/page/4 -> [404]https://www.oclem.com/category/blog/formacion/page/4, 237720 bytes
2025-01-02 14:13:44 [INFO] Se encontraron 217 enlaces en https://oclem.com/category/blog/formacion/page/4
2025-01-02 14:13:44 [INFO] [HTTP] [301]https://oclem.com/category/blog/licitaciones/page/2 -> [200]https://www.oclem.com/category/blog/licitaciones/page/2/, 279509 bytes
2025-01-02 14:13:44 [INFO] Se encontraron 242 enlaces en https://oclem.com/category/blog/licitaciones/page/2
2025-01-02 14:13:45 [INFO] [HTTP] [301]https://oclem.com/category/blog/licitaciones/page/5 -> [404]https://www.oclem.com/category/blog/licitaciones/page/5, 237720 bytes
2025-01-02 14:13:45 [INFO] Se encontraron 217 enlaces en https://oclem.com/category/blog/licitaciones/page/5
2025-01-02 14:13:46 [INFO] [HTTP] [301]https://oclem.com/category/blog/formacion/page/5 -> [404]https://www.oclem.com/category/blog/formacion/page/5, 237720 bytes
2025-01-02 14:13:46 [INFO] Se encontraron 217 enlaces en https://oclem.com/category/blog/formacion/page/5
2025-01-02 14:13:46 [INFO] [HTTP] [301]https://oclem.com/category/blog/formacion/page/2 -> [404]https://www.oclem.com/category/blog/formacion/page/2, 237720 bytes
2025-01-02 14:13:46 [INFO] Se encontraron 217 enlaces en https://oclem.com/category/blog/formacion/page/2
2025-01-02 14:13:47 [INFO] [HTTP] [301]https://oclem.com/category/blog/licitaciones/page/3 -> [200]https://www.oclem.com/category/blog/licitaciones/page/3/, 279644 bytes
2025-01-02 14:13:47 [INFO] Se encontraron 242 enlaces en https://oclem.com/category/blog/licitaciones/page/3
2025-01-02 14:13:47 [INFO] Rastreo completado en 120.44 seg.
2025-01-02 14:13:47 [INFO] Total de URLs visitadas: 127
2025-01-02 14:13:47 [INFO] Se registraron 127 enlaces con sus códigos de estado.
2025-01-02 14:13:47 [INFO] Guardado en oclem.com.csv
